2016-05-18 12:08:13,199 - info: DBHandler.protoype.establishConnection
2016-05-18 12:08:15,775 - info: DBHandler.prototype.executeQuery data=select * from constants
2016-05-18 12:08:51,108 - info: DBHandler.prototype.executeQuery data=select im.ingredientId,im.ingredientName,ingred_nutrition.nutrientId,ingred_nutrition.nutritionValue,ingred_nutrition.nutrientName from ingredient_master im LEFT JOIN (select innt.*,nm.nutrientName from nutrients_master nm  lEFT JOIN ingredient_nutrition_trans  innt ON nm.nutrientId = innt.nutrientId) ingred_nutrition ON ingred_nutrition.ingredientId = im.ingredientId
2016-05-18 12:21:56,439 - info: DBHandler.protoype.establishConnection
2016-05-18 12:21:56,705 - info: DBHandler.prototype.executeQuery data=select * from constants
2016-05-18 16:04:56,169 - info: DBHandler.protoype.establishConnection
2016-05-18 16:04:56,174 - info: DBHandler.protoype.establishConnection
2016-05-18 16:05:00,481 - info: DBHandler.prototype.executeQuery data=select * from constants
2016-05-18 16:05:00,482 - info: DBHandler.prototype.executeQuery data=select * from constants
2016-05-18 16:05:45,697 - info: DBHandler.protoype.establishConnection
2016-05-18 16:05:47,053 - info: DBHandler.prototype.executeQuery data=select * from constants
2016-05-18 16:28:24,084 - info: DBHandler.prototype.executeQuery data=select im.ingredientId,im.ingredientName,ingred_nutrition.nutrientId,ingred_nutrition.nutritionValue,ingred_nutrition.nutrientName from ingredient_master im LEFT JOIN (select innt.*,nm.nutrientName from nutrients_master nm  lEFT JOIN ingredient_nutrition_trans  innt ON nm.nutrientId = innt.nutrientId) ingred_nutrition ON ingred_nutrition.ingredientId = im.ingredientId
2016-05-18 16:44:48,392 - info: DBHandler.protoype.establishConnection
2016-05-18 16:44:50,989 - info: DBHandler.prototype.executeQuery data=select * from constants
2016-05-18 16:45:08,902 - info: DBHandler.protoype.establishConnection
2016-05-18 16:45:09,178 - info: DBHandler.prototype.executeQuery data=select * from constants
2016-05-18 16:45:13,196 - info: DBHandler.prototype.executeQuery data=select im.ingredientId,im.ingredientName,ingred_nutrition.nutrientId,ingred_nutrition.nutritionValue,ingred_nutrition.nutrientName from ingredient_master im LEFT JOIN (select innt.*,nm.nutrientName from nutrients_master nm  lEFT JOIN ingredient_nutrition_trans  innt ON nm.nutrientId = innt.nutrientId) ingred_nutrition ON ingred_nutrition.ingredientId = im.ingredientId
2016-05-18 16:45:27,993 - info: DBHandler.protoype.establishConnection
2016-05-18 16:45:28,423 - info: DBHandler.prototype.executeQuery data=select * from constants
2016-05-18 16:45:30,084 - info: DBHandler.prototype.executeQuery data=select im.ingredientId,im.ingredientName,ingred_nutrition.nutrientId,ingred_nutrition.nutritionValue,ingred_nutrition.nutrientName from ingredient_master im LEFT JOIN (select innt.*,nm.nutrientName from nutrients_master nm  lEFT JOIN ingredient_nutrition_trans  innt ON nm.nutrientId = innt.nutrientId) ingred_nutrition ON ingred_nutrition.ingredientId = im.ingredientId
2016-05-18 16:46:35,187 - info: DBHandler.protoype.establishConnection
2016-05-18 16:46:35,560 - info: DBHandler.prototype.executeQuery data=select * from constants
2016-05-18 16:46:37,564 - info: DBHandler.prototype.executeQuery data=select im.ingredientId,im.ingredientName,ingred_nutrition.nutrientId,ingred_nutrition.nutritionValue,ingred_nutrition.nutrientName from ingredient_master im LEFT JOIN (select innt.*,nm.nutrientName from nutrients_master nm  lEFT JOIN ingredient_nutrition_trans  innt ON nm.nutrientId = innt.nutrientId) ingred_nutrition ON ingred_nutrition.ingredientId = im.ingredientId
2016-05-18 16:47:18,522 - info: DBHandler.protoype.establishConnection
2016-05-18 16:47:18,758 - info: DBHandler.prototype.executeQuery data=select * from constants
2016-05-18 16:47:20,996 - info: DBHandler.prototype.executeQuery data=select im.ingredientId,im.ingredientName,ingred_nutrition.nutrientId,ingred_nutrition.nutritionValue,ingred_nutrition.nutrientName from ingredient_master im LEFT JOIN (select innt.*,nm.nutrientName from nutrients_master nm  lEFT JOIN ingredient_nutrition_trans  innt ON nm.nutrientId = innt.nutrientId) ingred_nutrition ON ingred_nutrition.ingredientId = im.ingredientId
2016-05-18 16:47:37,461 - info: DBHandler.protoype.establishConnection
2016-05-18 16:47:37,691 - info: DBHandler.prototype.executeQuery data=select * from constants
2016-05-18 16:47:40,098 - info: DBHandler.prototype.executeQuery data=select im.ingredientId,im.ingredientName,ingred_nutrition.nutrientId,ingred_nutrition.nutritionValue,ingred_nutrition.nutrientName from ingredient_master im LEFT JOIN (select innt.*,nm.nutrientName from nutrients_master nm  lEFT JOIN ingredient_nutrition_trans  innt ON nm.nutrientId = innt.nutrientId) ingred_nutrition ON ingred_nutrition.ingredientId = im.ingredientId
2016-05-18 16:47:57,999 - info: DBHandler.protoype.establishConnection
2016-05-18 16:47:58,241 - info: DBHandler.prototype.executeQuery data=select * from constants
2016-05-18 16:47:59,886 - info: DBHandler.prototype.executeQuery data=select im.ingredientId,im.ingredientName,ingred_nutrition.nutrientId,ingred_nutrition.nutritionValue,ingred_nutrition.nutrientName from ingredient_master im LEFT JOIN (select innt.*,nm.nutrientName from nutrients_master nm  lEFT JOIN ingredient_nutrition_trans  innt ON nm.nutrientId = innt.nutrientId) ingred_nutrition ON ingred_nutrition.ingredientId = im.ingredientId
2016-05-18 16:49:12,337 - info: DBHandler.protoype.establishConnection
2016-05-18 16:49:13,282 - info: DBHandler.prototype.executeQuery data=select * from constants
2016-05-18 16:49:15,651 - info: DBHandler.prototype.executeQuery data=select im.ingredientId,im.ingredientName,ingred_nutrition.nutrientId,ingred_nutrition.nutritionValue,ingred_nutrition.nutrientName from ingredient_master im LEFT JOIN (select innt.*,nm.nutrientName from nutrients_master nm  lEFT JOIN ingredient_nutrition_trans  innt ON nm.nutrientId = innt.nutrientId) ingred_nutrition ON ingred_nutrition.ingredientId = im.ingredientId
2016-05-18 16:49:35,509 - info: DBHandler.protoype.establishConnection
2016-05-18 16:49:35,747 - info: DBHandler.prototype.executeQuery data=select * from constants
2016-05-18 16:49:37,978 - info: DBHandler.prototype.executeQuery data=select im.ingredientId,im.ingredientName,ingred_nutrition.nutrientId,ingred_nutrition.nutritionValue,ingred_nutrition.nutrientName from ingredient_master im LEFT JOIN (select innt.*,nm.nutrientName from nutrients_master nm  lEFT JOIN ingredient_nutrition_trans  innt ON nm.nutrientId = innt.nutrientId) ingred_nutrition ON ingred_nutrition.ingredientId = im.ingredientId
2016-05-18 17:14:16,333 - info: DBHandler.protoype.establishConnection
2016-05-18 17:14:18,026 - info: DBHandler.prototype.executeQuery data=select * from constants
2016-05-18 17:14:25,220 - info: DBHandler.protoype.establishConnection
2016-05-18 17:14:25,220 - info: DBHandler.protoype.establishConnection
2016-05-18 17:14:26,321 - info: DBHandler.prototype.executeQuery data=select * from constants
2016-05-18 17:14:26,322 - info: DBHandler.prototype.executeQuery data=select * from constants
2016-05-18 17:14:38,564 - info: DBHandler.protoype.establishConnection
2016-05-18 17:14:38,917 - info: DBHandler.prototype.executeQuery data=select * from constants
2016-05-18 17:17:19,053 - info: DBHandler.protoype.establishConnection
2016-05-18 17:17:23,538 - info: DBHandler.prototype.executeQuery data=select * from constants
2016-05-18 17:17:46,520 - info: DBHandler.prototype.executeQuery data=select userId ,emailId from user_master where emailId = 'admin' and password = 'admin' and roleId = 1
2016-05-18 17:17:50,307 - info: DBHandler.prototype.executeQuery data=select im.ingredientId,im.ingredientName,ingred_nutrition.nutrientId,ingred_nutrition.nutritionValue,ingred_nutrition.nutrientName from ingredient_master im LEFT JOIN (select innt.*,nm.nutrientName from nutrients_master nm  lEFT JOIN ingredient_nutrition_trans  innt ON nm.nutrientId = innt.nutrientId) ingred_nutrition ON ingred_nutrition.ingredientId = im.ingredientId
2016-05-18 17:18:16,397 - info: DBHandler.prototype.executeQuery data=select im.ingredientId,im.ingredientName,ingred_nutrition.nutrientId,ingred_nutrition.nutritionValue,ingred_nutrition.nutrientName from ingredient_master im LEFT JOIN (select innt.*,nm.nutrientName from nutrients_master nm  lEFT JOIN ingredient_nutrition_trans  innt ON nm.nutrientId = innt.nutrientId) ingred_nutrition ON ingred_nutrition.ingredientId = im.ingredientId
2016-05-18 17:18:29,198 - info: DBHandler.prototype.executeQuery data=select im.ingredientId,im.ingredientName,ingred_nutrition.nutrientId,ingred_nutrition.nutritionValue,ingred_nutrition.nutrientName from ingredient_master im LEFT JOIN (select innt.*,nm.nutrientName from nutrients_master nm  lEFT JOIN ingredient_nutrition_trans  innt ON nm.nutrientId = innt.nutrientId) ingred_nutrition ON ingred_nutrition.ingredientId = im.ingredientId
2016-05-18 17:18:43,315 - info: DBHandler.prototype.executeQuery data=select im.ingredientId,im.ingredientName,ingred_nutrition.nutrientId,ingred_nutrition.nutritionValue,ingred_nutrition.nutrientName from ingredient_master im LEFT JOIN (select innt.*,nm.nutrientName from nutrients_master nm  lEFT JOIN ingredient_nutrition_trans  innt ON nm.nutrientId = innt.nutrientId) ingred_nutrition ON ingred_nutrition.ingredientId = im.ingredientId
2016-05-18 17:19:04,922 - info: DBHandler.prototype.executeQuery data=select im.ingredientId,im.ingredientName,ingred_nutrition.nutrientId,ingred_nutrition.nutritionValue,ingred_nutrition.nutrientName from ingredient_master im LEFT JOIN (select innt.*,nm.nutrientName from nutrients_master nm  lEFT JOIN ingredient_nutrition_trans  innt ON nm.nutrientId = innt.nutrientId) ingred_nutrition ON ingred_nutrition.ingredientId = im.ingredientId
2016-05-18 17:19:17,988 - info: DBHandler.prototype.executeQuery data=select im.ingredientId,im.ingredientName,ingred_nutrition.nutrientId,ingred_nutrition.nutritionValue,ingred_nutrition.nutrientName from ingredient_master im LEFT JOIN (select innt.*,nm.nutrientName from nutrients_master nm  lEFT JOIN ingredient_nutrition_trans  innt ON nm.nutrientId = innt.nutrientId) ingred_nutrition ON ingred_nutrition.ingredientId = im.ingredientId
2016-05-18 17:19:26,421 - info: DBHandler.prototype.executeQuery data=select im.ingredientId,im.ingredientName,ingred_nutrition.nutrientId,ingred_nutrition.nutritionValue,ingred_nutrition.nutrientName from ingredient_master im LEFT JOIN (select innt.*,nm.nutrientName from nutrients_master nm  lEFT JOIN ingredient_nutrition_trans  innt ON nm.nutrientId = innt.nutrientId) ingred_nutrition ON ingred_nutrition.ingredientId = im.ingredientId
2016-05-18 17:19:35,263 - info: DBHandler.prototype.executeQuery data=select im.ingredientId,im.ingredientName,ingred_nutrition.nutrientId,ingred_nutrition.nutritionValue,ingred_nutrition.nutrientName from ingredient_master im LEFT JOIN (select innt.*,nm.nutrientName from nutrients_master nm  lEFT JOIN ingredient_nutrition_trans  innt ON nm.nutrientId = innt.nutrientId) ingred_nutrition ON ingred_nutrition.ingredientId = im.ingredientId
2016-05-18 17:19:57,861 - info: DBHandler.prototype.executeQuery data=select im.ingredientId,im.ingredientName,ingred_nutrition.nutrientId,ingred_nutrition.nutritionValue,ingred_nutrition.nutrientName from ingredient_master im LEFT JOIN (select innt.*,nm.nutrientName from nutrients_master nm  lEFT JOIN ingredient_nutrition_trans  innt ON nm.nutrientId = innt.nutrientId) ingred_nutrition ON ingred_nutrition.ingredientId = im.ingredientId
2016-05-18 17:20:16,688 - info: DBHandler.prototype.executeQuery data=select im.ingredientId,im.ingredientName,ingred_nutrition.nutrientId,ingred_nutrition.nutritionValue,ingred_nutrition.nutrientName from ingredient_master im LEFT JOIN (select innt.*,nm.nutrientName from nutrients_master nm  lEFT JOIN ingredient_nutrition_trans  innt ON nm.nutrientId = innt.nutrientId) ingred_nutrition ON ingred_nutrition.ingredientId = im.ingredientId
2016-05-18 17:20:25,639 - info: DBHandler.prototype.executeQuery data=select im.ingredientId,im.ingredientName,ingred_nutrition.nutrientId,ingred_nutrition.nutritionValue,ingred_nutrition.nutrientName from ingredient_master im LEFT JOIN (select innt.*,nm.nutrientName from nutrients_master nm  lEFT JOIN ingredient_nutrition_trans  innt ON nm.nutrientId = innt.nutrientId) ingred_nutrition ON ingred_nutrition.ingredientId = im.ingredientId
2016-05-18 17:21:41,670 - info: DBHandler.prototype.executeQuery data=select im.ingredientId,im.ingredientName,ingred_nutrition.nutrientId,ingred_nutrition.nutritionValue,ingred_nutrition.nutrientName from ingredient_master im LEFT JOIN (select innt.*,nm.nutrientName from nutrients_master nm  lEFT JOIN ingredient_nutrition_trans  innt ON nm.nutrientId = innt.nutrientId) ingred_nutrition ON ingred_nutrition.ingredientId = im.ingredientId
2016-05-18 17:22:03,242 - info: DBHandler.prototype.executeQuery data=select im.ingredientId,im.ingredientName,ingred_nutrition.nutrientId,ingred_nutrition.nutritionValue,ingred_nutrition.nutrientName from ingredient_master im LEFT JOIN (select innt.*,nm.nutrientName from nutrients_master nm  lEFT JOIN ingredient_nutrition_trans  innt ON nm.nutrientId = innt.nutrientId) ingred_nutrition ON ingred_nutrition.ingredientId = im.ingredientId
2016-05-18 17:22:09,617 - info: DBHandler.prototype.executeQuery data=select im.ingredientId,im.ingredientName,ingred_nutrition.nutrientId,ingred_nutrition.nutritionValue,ingred_nutrition.nutrientName from ingredient_master im LEFT JOIN (select innt.*,nm.nutrientName from nutrients_master nm  lEFT JOIN ingredient_nutrition_trans  innt ON nm.nutrientId = innt.nutrientId) ingred_nutrition ON ingred_nutrition.ingredientId = im.ingredientId
2016-05-18 17:23:11,357 - info: DBHandler.prototype.executeQuery data=select im.ingredientId,im.ingredientName,ingred_nutrition.nutrientId,ingred_nutrition.nutritionValue,ingred_nutrition.nutrientName from ingredient_master im LEFT JOIN (select innt.*,nm.nutrientName from nutrients_master nm  lEFT JOIN ingredient_nutrition_trans  innt ON nm.nutrientId = innt.nutrientId) ingred_nutrition ON ingred_nutrition.ingredientId = im.ingredientId
2016-05-18 17:23:26,148 - info: DBHandler.prototype.executeQuery data=select im.ingredientId,im.ingredientName,ingred_nutrition.nutrientId,ingred_nutrition.nutritionValue,ingred_nutrition.nutrientName from ingredient_master im LEFT JOIN (select innt.*,nm.nutrientName from nutrients_master nm  lEFT JOIN ingredient_nutrition_trans  innt ON nm.nutrientId = innt.nutrientId) ingred_nutrition ON ingred_nutrition.ingredientId = im.ingredientId
2016-05-18 17:24:18,446 - info: DBHandler.prototype.executeQuery data=select im.ingredientId,im.ingredientName,ingred_nutrition.nutrientId,ingred_nutrition.nutritionValue,ingred_nutrition.nutrientName from ingredient_master im LEFT JOIN (select innt.*,nm.nutrientName from nutrients_master nm  lEFT JOIN ingredient_nutrition_trans  innt ON nm.nutrientId = innt.nutrientId) ingred_nutrition ON ingred_nutrition.ingredientId = im.ingredientId
2016-05-18 17:24:42,304 - info: DBHandler.prototype.executeQuery data=select im.ingredientId,im.ingredientName,ingred_nutrition.nutrientId,ingred_nutrition.nutritionValue,ingred_nutrition.nutrientName from ingredient_master im LEFT JOIN (select innt.*,nm.nutrientName from nutrients_master nm  lEFT JOIN ingredient_nutrition_trans  innt ON nm.nutrientId = innt.nutrientId) ingred_nutrition ON ingred_nutrition.ingredientId = im.ingredientId
2016-05-18 17:25:17,332 - info: DBHandler.prototype.executeQuery data=select im.ingredientId,im.ingredientName,ingred_nutrition.nutrientId,ingred_nutrition.nutritionValue,ingred_nutrition.nutrientName from ingredient_master im LEFT JOIN (select innt.*,nm.nutrientName from nutrients_master nm  lEFT JOIN ingredient_nutrition_trans  innt ON nm.nutrientId = innt.nutrientId) ingred_nutrition ON ingred_nutrition.ingredientId = im.ingredientId
2016-05-18 17:25:44,855 - info: DBHandler.prototype.executeQuery data=select im.ingredientId,im.ingredientName,ingred_nutrition.nutrientId,ingred_nutrition.nutritionValue,ingred_nutrition.nutrientName from ingredient_master im LEFT JOIN (select innt.*,nm.nutrientName from nutrients_master nm  lEFT JOIN ingredient_nutrition_trans  innt ON nm.nutrientId = innt.nutrientId) ingred_nutrition ON ingred_nutrition.ingredientId = im.ingredientId
2016-05-18 17:25:57,951 - info: DBHandler.prototype.executeQuery data=select im.ingredientId,im.ingredientName,ingred_nutrition.nutrientId,ingred_nutrition.nutritionValue,ingred_nutrition.nutrientName from ingredient_master im LEFT JOIN (select innt.*,nm.nutrientName from nutrients_master nm  lEFT JOIN ingredient_nutrition_trans  innt ON nm.nutrientId = innt.nutrientId) ingred_nutrition ON ingred_nutrition.ingredientId = im.ingredientId
2016-05-18 17:27:12,219 - info: DBHandler.prototype.executeQuery data=select im.ingredientId,im.ingredientName,ingred_nutrition.nutrientId,ingred_nutrition.nutritionValue,ingred_nutrition.nutrientName from ingredient_master im LEFT JOIN (select innt.*,nm.nutrientName from nutrients_master nm  lEFT JOIN ingredient_nutrition_trans  innt ON nm.nutrientId = innt.nutrientId) ingred_nutrition ON ingred_nutrition.ingredientId = im.ingredientId
2016-05-18 17:27:22,336 - info: DBHandler.prototype.executeQuery data=select im.ingredientId,im.ingredientName,ingred_nutrition.nutrientId,ingred_nutrition.nutritionValue,ingred_nutrition.nutrientName from ingredient_master im LEFT JOIN (select innt.*,nm.nutrientName from nutrients_master nm  lEFT JOIN ingredient_nutrition_trans  innt ON nm.nutrientId = innt.nutrientId) ingred_nutrition ON ingred_nutrition.ingredientId = im.ingredientId
2016-05-18 17:27:36,307 - info: DBHandler.prototype.executeQuery data=select im.ingredientId,im.ingredientName,ingred_nutrition.nutrientId,ingred_nutrition.nutritionValue,ingred_nutrition.nutrientName from ingredient_master im LEFT JOIN (select innt.*,nm.nutrientName from nutrients_master nm  lEFT JOIN ingredient_nutrition_trans  innt ON nm.nutrientId = innt.nutrientId) ingred_nutrition ON ingred_nutrition.ingredientId = im.ingredientId
2016-05-18 17:27:53,200 - info: DBHandler.prototype.executeQuery data=select im.ingredientId,im.ingredientName,ingred_nutrition.nutrientId,ingred_nutrition.nutritionValue,ingred_nutrition.nutrientName from ingredient_master im LEFT JOIN (select innt.*,nm.nutrientName from nutrients_master nm  lEFT JOIN ingredient_nutrition_trans  innt ON nm.nutrientId = innt.nutrientId) ingred_nutrition ON ingred_nutrition.ingredientId = im.ingredientId
2016-05-18 17:28:11,100 - info: DBHandler.prototype.executeQuery data=select im.ingredientId,im.ingredientName,ingred_nutrition.nutrientId,ingred_nutrition.nutritionValue,ingred_nutrition.nutrientName from ingredient_master im LEFT JOIN (select innt.*,nm.nutrientName from nutrients_master nm  lEFT JOIN ingredient_nutrition_trans  innt ON nm.nutrientId = innt.nutrientId) ingred_nutrition ON ingred_nutrition.ingredientId = im.ingredientId
2016-05-18 17:28:24,562 - info: DBHandler.prototype.executeQuery data=select im.ingredientId,im.ingredientName,ingred_nutrition.nutrientId,ingred_nutrition.nutritionValue,ingred_nutrition.nutrientName from ingredient_master im LEFT JOIN (select innt.*,nm.nutrientName from nutrients_master nm  lEFT JOIN ingredient_nutrition_trans  innt ON nm.nutrientId = innt.nutrientId) ingred_nutrition ON ingred_nutrition.ingredientId = im.ingredientId
2016-05-18 17:28:45,795 - info: DBHandler.prototype.executeQuery data=select im.ingredientId,im.ingredientName,ingred_nutrition.nutrientId,ingred_nutrition.nutritionValue,ingred_nutrition.nutrientName from ingredient_master im LEFT JOIN (select innt.*,nm.nutrientName from nutrients_master nm  lEFT JOIN ingredient_nutrition_trans  innt ON nm.nutrientId = innt.nutrientId) ingred_nutrition ON ingred_nutrition.ingredientId = im.ingredientId
2016-05-18 17:30:58,654 - info: DBHandler.prototype.executeQuery data=select im.ingredientId,im.ingredientName,ingred_nutrition.nutrientId,ingred_nutrition.nutritionValue,ingred_nutrition.nutrientName from ingredient_master im LEFT JOIN (select innt.*,nm.nutrientName from nutrients_master nm  lEFT JOIN ingredient_nutrition_trans  innt ON nm.nutrientId = innt.nutrientId) ingred_nutrition ON ingred_nutrition.ingredientId = im.ingredientId
2016-05-18 17:31:07,077 - info: DBHandler.prototype.executeQuery data=select im.ingredientId,im.ingredientName,ingred_nutrition.nutrientId,ingred_nutrition.nutritionValue,ingred_nutrition.nutrientName from ingredient_master im LEFT JOIN (select innt.*,nm.nutrientName from nutrients_master nm  lEFT JOIN ingredient_nutrition_trans  innt ON nm.nutrientId = innt.nutrientId) ingred_nutrition ON ingred_nutrition.ingredientId = im.ingredientId
2016-05-18 17:31:24,684 - info: DBHandler.prototype.executeQuery data=select im.ingredientId,im.ingredientName,ingred_nutrition.nutrientId,ingred_nutrition.nutritionValue,ingred_nutrition.nutrientName from ingredient_master im LEFT JOIN (select innt.*,nm.nutrientName from nutrients_master nm  lEFT JOIN ingredient_nutrition_trans  innt ON nm.nutrientId = innt.nutrientId) ingred_nutrition ON ingred_nutrition.ingredientId = im.ingredientId
2016-05-18 17:32:35,407 - info: DBHandler.prototype.executeQuery data=select im.ingredientId,im.ingredientName,ingred_nutrition.nutrientId,ingred_nutrition.nutritionValue,ingred_nutrition.nutrientName from ingredient_master im LEFT JOIN (select innt.*,nm.nutrientName from nutrients_master nm  lEFT JOIN ingredient_nutrition_trans  innt ON nm.nutrientId = innt.nutrientId) ingred_nutrition ON ingred_nutrition.ingredientId = im.ingredientId
2016-05-18 17:39:19,097 - info: DBHandler.protoype.establishConnection
2016-05-18 17:39:20,024 - info: DBHandler.prototype.executeQuery data=select * from constants
2016-05-18 17:40:24,198 - info: DBHandler.prototype.executeQuery data=select userId ,emailId from user_master where emailId = 'admin' and password = 'admin' and roleId = 1
2016-05-18 17:40:30,743 - info: DBHandler.prototype.executeQuery data=select im.ingredientId,im.ingredientName,ingred_nutrition.nutrientId,ingred_nutrition.nutritionValue,ingred_nutrition.nutrientName from ingredient_master im LEFT JOIN (select innt.*,nm.nutrientName from nutrients_master nm  lEFT JOIN ingredient_nutrition_trans  innt ON nm.nutrientId = innt.nutrientId) ingred_nutrition ON ingred_nutrition.ingredientId = im.ingredientId
2016-05-18 17:41:04,224 - info: DBHandler.protoype.establishConnection
2016-05-18 17:41:04,580 - info: DBHandler.prototype.executeQuery data=select * from constants
2016-05-18 17:41:15,727 - info: DBHandler.prototype.executeQuery data=select userId ,emailId from user_master where emailId = 'admin' and password = 'admin' and roleId = 1
2016-05-18 17:41:22,931 - info: DBHandler.prototype.executeQuery data=select im.ingredientId,im.ingredientName,ingred_nutrition.nutrientId,ingred_nutrition.nutritionValue,ingred_nutrition.nutrientName from ingredient_master im LEFT JOIN (select innt.*,nm.nutrientName from nutrients_master nm  lEFT JOIN ingredient_nutrition_trans  innt ON nm.nutrientId = innt.nutrientId) ingred_nutrition ON ingred_nutrition.ingredientId = im.ingredientId
2016-05-18 17:41:39,141 - info: DBHandler.prototype.executeQuery data=select im.ingredientId,im.ingredientName,ingred_nutrition.nutrientId,ingred_nutrition.nutritionValue,ingred_nutrition.nutrientName from ingredient_master im LEFT JOIN (select innt.*,nm.nutrientName from nutrients_master nm  lEFT JOIN ingredient_nutrition_trans  innt ON nm.nutrientId = innt.nutrientId) ingred_nutrition ON ingred_nutrition.ingredientId = im.ingredientId
2016-05-18 17:41:47,534 - info: DBHandler.prototype.executeQuery data=select im.ingredientId,im.ingredientName,ingred_nutrition.nutrientId,ingred_nutrition.nutritionValue,ingred_nutrition.nutrientName from ingredient_master im LEFT JOIN (select innt.*,nm.nutrientName from nutrients_master nm  lEFT JOIN ingredient_nutrition_trans  innt ON nm.nutrientId = innt.nutrientId) ingred_nutrition ON ingred_nutrition.ingredientId = im.ingredientId
2016-05-18 17:44:05,012 - info: DBHandler.protoype.establishConnection
2016-05-18 17:44:05,382 - info: DBHandler.prototype.executeQuery data=select * from constants
2016-05-18 17:44:12,265 - info: DBHandler.prototype.executeQuery data=select userId ,emailId from user_master where emailId = 'admin' and password = 'admin' and roleId = 1
2016-05-18 17:44:19,668 - info: DBHandler.prototype.executeQuery data=select im.ingredientId,im.ingredientName,ingred_nutrition.nutrientId,ingred_nutrition.nutritionValue,ingred_nutrition.nutrientName from ingredient_master im LEFT JOIN (select innt.*,nm.nutrientName from nutrients_master nm  lEFT JOIN ingredient_nutrition_trans  innt ON nm.nutrientId = innt.nutrientId) ingred_nutrition ON ingred_nutrition.ingredientId = im.ingredientId
2016-05-18 17:45:11,419 - info: DBHandler.prototype.executeQuery data=select im.ingredientId,im.ingredientName,ingred_nutrition.nutrientId,ingred_nutrition.nutritionValue,ingred_nutrition.nutrientName from ingredient_master im LEFT JOIN (select innt.*,nm.nutrientName from nutrients_master nm  lEFT JOIN ingredient_nutrition_trans  innt ON nm.nutrientId = innt.nutrientId) ingred_nutrition ON ingred_nutrition.ingredientId = im.ingredientId
2016-05-18 17:45:25,159 - info: DBHandler.prototype.executeQuery data=select im.ingredientId,im.ingredientName,ingred_nutrition.nutrientId,ingred_nutrition.nutritionValue,ingred_nutrition.nutrientName from ingredient_master im LEFT JOIN (select innt.*,nm.nutrientName from nutrients_master nm  lEFT JOIN ingredient_nutrition_trans  innt ON nm.nutrientId = innt.nutrientId) ingred_nutrition ON ingred_nutrition.ingredientId = im.ingredientId
2016-05-18 17:45:51,105 - info: DBHandler.prototype.executeQuery data=select im.ingredientId,im.ingredientName,ingred_nutrition.nutrientId,ingred_nutrition.nutritionValue,ingred_nutrition.nutrientName from ingredient_master im LEFT JOIN (select innt.*,nm.nutrientName from nutrients_master nm  lEFT JOIN ingredient_nutrition_trans  innt ON nm.nutrientId = innt.nutrientId) ingred_nutrition ON ingred_nutrition.ingredientId = im.ingredientId
2016-05-18 17:45:52,005 - info: DBHandler.prototype.executeQuery data=select im.ingredientId,im.ingredientName,ingred_nutrition.nutrientId,ingred_nutrition.nutritionValue,ingred_nutrition.nutrientName from ingredient_master im LEFT JOIN (select innt.*,nm.nutrientName from nutrients_master nm  lEFT JOIN ingredient_nutrition_trans  innt ON nm.nutrientId = innt.nutrientId) ingred_nutrition ON ingred_nutrition.ingredientId = im.ingredientId
2016-05-18 17:46:25,189 - info: DBHandler.prototype.executeQuery data=select im.ingredientId,im.ingredientName,ingred_nutrition.nutrientId,ingred_nutrition.nutritionValue,ingred_nutrition.nutrientName from ingredient_master im LEFT JOIN (select innt.*,nm.nutrientName from nutrients_master nm  lEFT JOIN ingredient_nutrition_trans  innt ON nm.nutrientId = innt.nutrientId) ingred_nutrition ON ingred_nutrition.ingredientId = im.ingredientId
2016-05-18 17:47:18,247 - info: DBHandler.prototype.executeQuery data=select im.ingredientId,im.ingredientName,ingred_nutrition.nutrientId,ingred_nutrition.nutritionValue,ingred_nutrition.nutrientName from ingredient_master im LEFT JOIN (select innt.*,nm.nutrientName from nutrients_master nm  lEFT JOIN ingredient_nutrition_trans  innt ON nm.nutrientId = innt.nutrientId) ingred_nutrition ON ingred_nutrition.ingredientId = im.ingredientId
2016-05-18 17:54:26,059 - info: DBHandler.prototype.executeQuery data=select im.ingredientId,im.ingredientName,ingred_nutrition.nutrientId,ingred_nutrition.nutritionValue,ingred_nutrition.nutrientName from ingredient_master im LEFT JOIN (select innt.*,nm.nutrientName from nutrients_master nm  lEFT JOIN ingredient_nutrition_trans  innt ON nm.nutrientId = innt.nutrientId) ingred_nutrition ON ingred_nutrition.ingredientId = im.ingredientId
2016-05-18 18:02:05,853 - info: DBHandler.protoype.establishConnection
2016-05-18 18:02:06,642 - info: DBHandler.prototype.executeQuery data=select * from constants
2016-05-18 18:02:15,869 - info: DBHandler.prototype.executeQuery data=select userId ,emailId from user_master where emailId = 'admin' and password = 'admin' and roleId = 1
2016-05-18 18:02:23,756 - info: DBHandler.prototype.executeQuery data=select * from ingredient_master
2016-05-18 18:02:23,762 - info: DBHandler.prototype.executeQuery data=select innt.*,nm.nutrientName from nutrients_master nm  lEFT JOIN ingredient_nutrition_trans  innt ON  nm.nutrientId = innt.nutrientId
2016-05-18 18:04:27,706 - info: DBHandler.protoype.establishConnection
2016-05-18 18:04:28,029 - info: DBHandler.prototype.executeQuery data=select * from constants
2016-05-18 18:04:36,244 - info: DBHandler.prototype.executeQuery data=select userId ,emailId from user_master where emailId = 'admin' and password = 'admin' and roleId = 1
2016-05-18 18:04:40,752 - info: DBHandler.prototype.executeQuery data=select * from ingredient_master
2016-05-18 18:04:40,757 - info: DBHandler.prototype.executeQuery data=select innt.*,nm.nutrientName from nutrients_master nm  lEFT JOIN ingredient_nutrition_trans  innt ON  nm.nutrientId = innt.nutrientId
2016-05-18 18:04:55,560 - info: DBHandler.protoype.establishConnection
2016-05-18 18:04:55,896 - info: DBHandler.prototype.executeQuery data=select * from constants
2016-05-18 18:04:59,700 - info: DBHandler.prototype.executeQuery data=select userId ,emailId from user_master where emailId = 'admin' and password = 'admin' and roleId = 1
2016-05-18 18:05:05,067 - info: DBHandler.prototype.executeQuery data=select * from ingredient_master
2016-05-18 18:05:05,072 - info: DBHandler.prototype.executeQuery data=select innt.*,nm.nutrientName from nutrients_master nm  lEFT JOIN ingredient_nutrition_trans  innt ON  nm.nutrientId = innt.nutrientId
2016-05-18 18:05:12,984 - info: DBHandler.prototype.executeQuery data=select * from ingredient_master
2016-05-18 18:05:12,989 - info: DBHandler.prototype.executeQuery data=select innt.*,nm.nutrientName from nutrients_master nm  lEFT JOIN ingredient_nutrition_trans  innt ON  nm.nutrientId = innt.nutrientId
2016-05-18 18:05:24,386 - info: DBHandler.prototype.executeQuery data=select * from ingredient_master
2016-05-18 18:05:24,391 - info: DBHandler.prototype.executeQuery data=select innt.*,nm.nutrientName from nutrients_master nm  lEFT JOIN ingredient_nutrition_trans  innt ON  nm.nutrientId = innt.nutrientId
2016-05-18 18:07:11,479 - info: DBHandler.prototype.executeQuery data=select * from ingredient_master
2016-05-18 18:07:11,484 - info: DBHandler.prototype.executeQuery data=select innt.*,nm.nutrientName from nutrients_master nm  lEFT JOIN ingredient_nutrition_trans  innt ON  nm.nutrientId = innt.nutrientId
2016-05-18 18:07:33,668 - info: DBHandler.prototype.executeQuery data=select * from ingredient_master
2016-05-18 18:07:33,674 - info: DBHandler.prototype.executeQuery data=select innt.*,nm.nutrientName from nutrients_master nm  lEFT JOIN ingredient_nutrition_trans  innt ON  nm.nutrientId = innt.nutrientId
2016-05-18 18:08:06,791 - info: DBHandler.prototype.executeQuery data=select * from ingredient_master
2016-05-18 18:08:06,796 - info: DBHandler.prototype.executeQuery data=select innt.*,nm.nutrientName from nutrients_master nm  lEFT JOIN ingredient_nutrition_trans  innt ON  nm.nutrientId = innt.nutrientId
2016-05-18 18:09:05,309 - info: DBHandler.prototype.executeQuery data=select * from ingredient_master
2016-05-18 18:09:05,315 - info: DBHandler.prototype.executeQuery data=select innt.*,nm.nutrientName from nutrients_master nm  lEFT JOIN ingredient_nutrition_trans  innt ON  nm.nutrientId = innt.nutrientId
2016-05-18 18:09:36,548 - info: DBHandler.prototype.executeQuery data=select * from ingredient_master
2016-05-18 18:09:36,554 - info: DBHandler.prototype.executeQuery data=select innt.*,nm.nutrientName from nutrients_master nm  lEFT JOIN ingredient_nutrition_trans  innt ON  nm.nutrientId = innt.nutrientId
2016-05-18 18:09:53,586 - info: DBHandler.prototype.executeQuery data=select * from ingredient_master
2016-05-18 18:09:53,605 - info: DBHandler.prototype.executeQuery data=select innt.*,nm.nutrientName from nutrients_master nm  lEFT JOIN ingredient_nutrition_trans  innt ON  nm.nutrientId = innt.nutrientId
2016-05-18 18:12:57,685 - info: DBHandler.prototype.executeQuery data=select * from ingredient_master
2016-05-18 18:12:57,690 - info: DBHandler.prototype.executeQuery data=select innt.*,nm.nutrientName from nutrients_master nm  lEFT JOIN ingredient_nutrition_trans  innt ON  nm.nutrientId = innt.nutrientId
2016-05-18 18:14:39,865 - info: DBHandler.prototype.executeQuery data=select * from ingredient_master
2016-05-18 18:14:39,881 - info: DBHandler.prototype.executeQuery data=select innt.*,nm.nutrientName from nutrients_master nm  lEFT JOIN ingredient_nutrition_trans  innt ON  nm.nutrientId = innt.nutrientId
2016-05-18 18:15:48,617 - info: DBHandler.prototype.executeQuery data=select * from ingredient_master
2016-05-18 18:15:48,663 - info: DBHandler.prototype.executeQuery data=select innt.*,nm.nutrientName from nutrients_master nm  lEFT JOIN ingredient_nutrition_trans  innt ON  nm.nutrientId = innt.nutrientId
2016-05-18 18:17:48,140 - info: DBHandler.prototype.executeQuery data=select * from ingredient_master
2016-05-18 18:17:48,146 - info: DBHandler.prototype.executeQuery data=select innt.*,nm.nutrientName from nutrients_master nm  lEFT JOIN ingredient_nutrition_trans  innt ON  nm.nutrientId = innt.nutrientId
2016-05-18 18:19:27,462 - info: DBHandler.prototype.executeQuery data=select * from ingredient_master
2016-05-18 18:19:27,468 - info: DBHandler.prototype.executeQuery data=select innt.*,nm.nutrientName from nutrients_master nm  lEFT JOIN ingredient_nutrition_trans  innt ON  nm.nutrientId = innt.nutrientId
2016-05-18 18:19:28,978 - info: DBHandler.prototype.executeQuery data=select * from ingredient_master
2016-05-18 18:19:28,996 - info: DBHandler.prototype.executeQuery data=select innt.*,nm.nutrientName from nutrients_master nm  lEFT JOIN ingredient_nutrition_trans  innt ON  nm.nutrientId = innt.nutrientId
2016-05-18 18:19:35,040 - info: DBHandler.prototype.executeQuery data=select * from ingredient_master
2016-05-18 18:19:35,046 - info: DBHandler.prototype.executeQuery data=select innt.*,nm.nutrientName from nutrients_master nm  lEFT JOIN ingredient_nutrition_trans  innt ON  nm.nutrientId = innt.nutrientId
2016-05-18 18:19:38,406 - info: DBHandler.prototype.executeQuery data=select * from ingredient_master
2016-05-18 18:19:38,413 - info: DBHandler.prototype.executeQuery data=select innt.*,nm.nutrientName from nutrients_master nm  lEFT JOIN ingredient_nutrition_trans  innt ON  nm.nutrientId = innt.nutrientId
2016-05-18 18:23:00,509 - info: DBHandler.prototype.executeQuery data=select * from ingredient_master
2016-05-18 18:23:00,524 - info: DBHandler.prototype.executeQuery data=select innt.*,nm.nutrientName from nutrients_master nm  lEFT JOIN ingredient_nutrition_trans  innt ON  nm.nutrientId = innt.nutrientId
2016-05-18 18:25:46,184 - info: DBHandler.prototype.executeQuery data=select * from ingredient_master
2016-05-18 18:25:46,206 - info: DBHandler.prototype.executeQuery data=select innt.*,nm.nutrientName from nutrients_master nm  lEFT JOIN ingredient_nutrition_trans  innt ON  nm.nutrientId = innt.nutrientId
2016-05-18 18:26:42,874 - info: DBHandler.prototype.executeQuery data=select * from ingredient_master
2016-05-18 18:26:42,897 - info: DBHandler.prototype.executeQuery data=select innt.*,nm.nutrientName from nutrients_master nm  lEFT JOIN ingredient_nutrition_trans  innt ON  nm.nutrientId = innt.nutrientId
2016-05-18 18:26:53,251 - info: DBHandler.prototype.executeQuery data=select * from ingredient_master
2016-05-18 18:26:53,260 - info: DBHandler.prototype.executeQuery data=select innt.*,nm.nutrientName from nutrients_master nm  lEFT JOIN ingredient_nutrition_trans  innt ON  nm.nutrientId = innt.nutrientId
2016-05-18 18:27:01,601 - info: DBHandler.prototype.executeQuery data=select * from ingredient_master
2016-05-18 18:27:01,608 - info: DBHandler.prototype.executeQuery data=select innt.*,nm.nutrientName from nutrients_master nm  lEFT JOIN ingredient_nutrition_trans  innt ON  nm.nutrientId = innt.nutrientId
2016-05-18 18:28:53,064 - info: DBHandler.prototype.executeQuery data=select * from ingredient_master
2016-05-18 18:28:53,086 - info: DBHandler.prototype.executeQuery data=select innt.*,nm.nutrientName from nutrients_master nm  lEFT JOIN ingredient_nutrition_trans  innt ON  nm.nutrientId = innt.nutrientId
2016-05-18 18:29:56,655 - info: DBHandler.prototype.executeQuery data=select * from ingredient_master
2016-05-18 18:29:56,669 - info: DBHandler.prototype.executeQuery data=select innt.*,nm.nutrientName from nutrients_master nm  lEFT JOIN ingredient_nutrition_trans  innt ON  nm.nutrientId = innt.nutrientId
2016-05-18 18:30:41,801 - info: DBHandler.prototype.executeQuery data=select * from ingredient_master
2016-05-18 18:30:41,817 - info: DBHandler.prototype.executeQuery data=select innt.*,nm.nutrientName from nutrients_master nm  lEFT JOIN ingredient_nutrition_trans  innt ON  nm.nutrientId = innt.nutrientId
2016-05-18 18:32:50,956 - info: DBHandler.prototype.executeQuery data=select * from ingredient_master
2016-05-18 18:32:50,962 - info: DBHandler.prototype.executeQuery data=select innt.*,nm.nutrientName from nutrients_master nm  lEFT JOIN ingredient_nutrition_trans  innt ON  nm.nutrientId = innt.nutrientId
2016-05-18 18:33:13,266 - info: DBHandler.prototype.executeQuery data=select * from ingredient_master
2016-05-18 18:33:13,272 - info: DBHandler.prototype.executeQuery data=select innt.*,nm.nutrientName from nutrients_master nm  lEFT JOIN ingredient_nutrition_trans  innt ON  nm.nutrientId = innt.nutrientId
2016-05-18 18:35:28,367 - info: DBHandler.prototype.executeQuery data=select * from ingredient_master
2016-05-18 18:35:28,374 - info: DBHandler.prototype.executeQuery data=select innt.*,nm.nutrientName from nutrients_master nm  lEFT JOIN ingredient_nutrition_trans  innt ON  nm.nutrientId = innt.nutrientId
2016-05-18 18:46:24,545 - info: DBHandler.prototype.executeQuery data=select * from ingredient_master
2016-05-18 18:46:24,553 - info: DBHandler.prototype.executeQuery data=select innt.*,nm.nutrientName from nutrients_master nm  lEFT JOIN ingredient_nutrition_trans  innt ON  nm.nutrientId = innt.nutrientId
2016-05-18 18:50:13,320 - info: DBHandler.prototype.executeQuery data=select * from ingredient_master
2016-05-18 18:50:13,325 - info: DBHandler.prototype.executeQuery data=select innt.*,nm.nutrientName from nutrients_master nm  lEFT JOIN ingredient_nutrition_trans  innt ON  nm.nutrientId = innt.nutrientId
2016-05-18 18:50:54,128 - info: DBHandler.prototype.executeQuery data=select * from ingredient_master
2016-05-18 18:50:54,133 - info: DBHandler.prototype.executeQuery data=select innt.*,nm.nutrientName from nutrients_master nm  lEFT JOIN ingredient_nutrition_trans  innt ON  nm.nutrientId = innt.nutrientId
2016-05-18 18:52:12,425 - info: DBHandler.prototype.executeQuery data=select * from ingredient_master
2016-05-18 18:52:12,432 - info: DBHandler.prototype.executeQuery data=select innt.*,nm.nutrientName from nutrients_master nm  lEFT JOIN ingredient_nutrition_trans  innt ON  nm.nutrientId = innt.nutrientId
2016-05-18 18:53:54,243 - info: DBHandler.prototype.executeQuery data=select * from ingredient_master
2016-05-18 18:53:54,263 - info: DBHandler.prototype.executeQuery data=select innt.*,nm.nutrientName from nutrients_master nm  lEFT JOIN ingredient_nutrition_trans  innt ON  nm.nutrientId = innt.nutrientId
2016-05-18 18:53:56,243 - info: DBHandler.prototype.executeQuery data=select * from ingredient_master
2016-05-18 18:53:56,249 - info: DBHandler.prototype.executeQuery data=select innt.*,nm.nutrientName from nutrients_master nm  lEFT JOIN ingredient_nutrition_trans  innt ON  nm.nutrientId = innt.nutrientId
2016-05-18 18:54:52,639 - info: DBHandler.prototype.executeQuery data=select * from ingredient_master
2016-05-18 18:54:52,645 - info: DBHandler.prototype.executeQuery data=select innt.*,nm.nutrientName from nutrients_master nm  lEFT JOIN ingredient_nutrition_trans  innt ON  nm.nutrientId = innt.nutrientId
2016-05-18 18:55:28,499 - info: DBHandler.prototype.executeQuery data=select * from ingredient_master
2016-05-18 18:55:28,506 - info: DBHandler.prototype.executeQuery data=select innt.*,nm.nutrientName from nutrients_master nm  lEFT JOIN ingredient_nutrition_trans  innt ON  nm.nutrientId = innt.nutrientId
2016-05-18 18:55:31,825 - info: DBHandler.prototype.executeQuery data=select * from ingredient_master
2016-05-18 18:55:31,847 - info: DBHandler.prototype.executeQuery data=select innt.*,nm.nutrientName from nutrients_master nm  lEFT JOIN ingredient_nutrition_trans  innt ON  nm.nutrientId = innt.nutrientId
