2016-05-25 12:55:54,030 - info: DBHandler.protoype.establishConnection
2016-05-25 12:55:54,558 - info: DBHandler.prototype.constants
2016-05-25 12:55:55,388 - info: DBHandler.prototype.executeQuery data=select * from constants
2016-05-25 12:56:04,561 - info: DBHandler.prototype.login
2016-05-25 12:56:04,602 - info: DBHandler.prototype.executeQuery data=select userId ,emailId from user_master where emailId = 'admin' and password = 'admin' and roleId = 1
2016-05-25 12:56:07,785 - info: DBHandler.prototype.getIngredients
2016-05-25 12:56:07,798 - info: DBHandler.prototype.executeQuery data=select * from ingredient_master where status=1
2016-05-25 12:56:07,798 - info: DBHandler.prototype.getIngredientNutrients
2016-05-25 12:56:07,807 - info: DBHandler.prototype.executeQuery data=select innt.*,nm.nutrientName from nutrients_master nm  lEFT JOIN ingredient_nutrition_trans  innt ON  nm.nutrientId = innt.nutrientId where status = 1
2016-05-25 12:58:15,208 - info: DBHandler.prototype.editIngredient
2016-05-25 12:58:15,229 - info: DBHandler.prototype.executeQueryTransaction data=update ingredient_master set ingredientName = 'Amla' where ingredientId = 111
2016-05-25 12:58:15,231 - info: DBHandler.prototype.updateIngredientNutrients
2016-05-25 12:58:15,263 - info: DBHandler.prototype.executeQueryTransaction data=insert into ingredient_nutrition_trans(ingredientId,nutrientId,nutritionValue) values(111,1,1) ON DUPLICATE KEY update nutritionValue = 1 ;insert into ingredient_nutrition_trans(ingredientId,nutrientId,nutritionValue) values(111,2,14) ON DUPLICATE KEY update nutritionValue = 14 ;insert into ingredient_nutrition_trans(ingredientId,nutrientId,nutritionValue) values(111,3,198) ON DUPLICATE KEY update nutritionValue = 198 ;insert into ingredient_nutrition_trans(ingredientId,nutrientId,nutritionValue) values(111,4,44) ON DUPLICATE KEY update nutritionValue = 44 ;insert into ingredient_nutrition_trans(ingredientId,nutrientId,nutritionValue) values(111,5,0) ON DUPLICATE KEY update nutritionValue = 0 ;insert into ingredient_nutrition_trans(ingredientId,nutrientId,nutritionValue) values(111,6,1) ON DUPLICATE KEY update nutritionValue = 1 ;insert into ingredient_nutrition_trans(ingredientId,nutrientId,nutritionValue) values(111,7,3) ON DUPLICATE KEY update nutritionValue = 3 ;insert into ingredient_nutrition_trans(ingredientId,nutrientId,nutritionValue) values(111,8,0) ON DUPLICATE KEY update nutritionValue = 0 
2016-05-25 12:58:15,707 - info: DBHandler.prototype.getIngredients
2016-05-25 12:58:15,718 - info: DBHandler.prototype.executeQuery data=select * from ingredient_master where status=1
2016-05-25 12:58:15,719 - info: DBHandler.prototype.getIngredientNutrients
2016-05-25 12:58:15,731 - info: DBHandler.prototype.executeQuery data=select innt.*,nm.nutrientName from nutrients_master nm  lEFT JOIN ingredient_nutrition_trans  innt ON  nm.nutrientId = innt.nutrientId where status = 1
2016-05-25 12:59:17,173 - info: DBHandler.prototype.editIngredient
2016-05-25 12:59:17,177 - info: DBHandler.prototype.executeQueryTransaction data=update ingredient_master set ingredientName = 'Almonds' where ingredientId = 61
2016-05-25 12:59:17,178 - info: DBHandler.prototype.updateIngredientNutrients
2016-05-25 12:59:17,277 - info: DBHandler.prototype.executeQueryTransaction data=insert into ingredient_nutrition_trans(ingredientId,nutrientId,nutritionValue) values(61,1,1) ON DUPLICATE KEY update nutritionValue = 1 ;insert into ingredient_nutrition_trans(ingredientId,nutrientId,nutritionValue) values(61,2,10) ON DUPLICATE KEY update nutritionValue = 10 ;insert into ingredient_nutrition_trans(ingredientId,nutrientId,nutritionValue) values(61,3,705) ON DUPLICATE KEY update nutritionValue = 705 ;insert into ingredient_nutrition_trans(ingredientId,nutrientId,nutritionValue) values(61,4,576) ON DUPLICATE KEY update nutritionValue = 576 ;insert into ingredient_nutrition_trans(ingredientId,nutrientId,nutritionValue) values(61,5,59) ON DUPLICATE KEY update nutritionValue = 59 ;insert into ingredient_nutrition_trans(ingredientId,nutrientId,nutritionValue) values(61,6,21) ON DUPLICATE KEY update nutritionValue = 21 ;insert into ingredient_nutrition_trans(ingredientId,nutrientId,nutritionValue) values(61,7,2) ON DUPLICATE KEY update nutritionValue = 2 ;insert into ingredient_nutrition_trans(ingredientId,nutrientId,nutritionValue) values(61,8,0) ON DUPLICATE KEY update nutritionValue = 0 
2016-05-25 12:59:17,754 - info: DBHandler.prototype.getIngredients
2016-05-25 12:59:17,769 - info: DBHandler.prototype.executeQuery data=select * from ingredient_master where status=1
2016-05-25 12:59:17,769 - info: DBHandler.prototype.getIngredientNutrients
2016-05-25 12:59:17,780 - info: DBHandler.prototype.executeQuery data=select innt.*,nm.nutrientName from nutrients_master nm  lEFT JOIN ingredient_nutrition_trans  innt ON  nm.nutrientId = innt.nutrientId where status = 1
2016-05-25 13:00:24,471 - info: DBHandler.prototype.editIngredient
2016-05-25 13:00:24,475 - info: DBHandler.prototype.executeQueryTransaction data=update ingredient_master set ingredientName = 'Apricot Dry' where ingredientId = 75
2016-05-25 13:00:24,475 - info: DBHandler.prototype.updateIngredientNutrients
2016-05-25 13:00:24,486 - info: DBHandler.prototype.executeQueryTransaction data=insert into ingredient_nutrition_trans(ingredientId,nutrientId,nutritionValue) values(75,1,10) ON DUPLICATE KEY update nutritionValue = 10 ;insert into ingredient_nutrition_trans(ingredientId,nutrientId,nutritionValue) values(75,2,73) ON DUPLICATE KEY update nutritionValue = 73 ;insert into ingredient_nutrition_trans(ingredientId,nutrientId,nutritionValue) values(75,3,1162) ON DUPLICATE KEY update nutritionValue = 1162 ;insert into ingredient_nutrition_trans(ingredientId,nutrientId,nutritionValue) values(75,4,241) ON DUPLICATE KEY update nutritionValue = 241 ;insert into ingredient_nutrition_trans(ingredientId,nutrientId,nutritionValue) values(75,5,0) ON DUPLICATE KEY update nutritionValue = 0 ;insert into ingredient_nutrition_trans(ingredientId,nutrientId,nutritionValue) values(75,6,2) ON DUPLICATE KEY update nutritionValue = 2 ;insert into ingredient_nutrition_trans(ingredientId,nutrientId,nutritionValue) values(75,7,2) ON DUPLICATE KEY update nutritionValue = 2 ;insert into ingredient_nutrition_trans(ingredientId,nutrientId,nutritionValue) values(75,8,30) ON DUPLICATE KEY update nutritionValue = 30 
2016-05-25 13:00:24,972 - info: DBHandler.prototype.getIngredients
2016-05-25 13:00:24,986 - info: DBHandler.prototype.executeQuery data=select * from ingredient_master where status=1
2016-05-25 13:00:24,986 - info: DBHandler.prototype.getIngredientNutrients
2016-05-25 13:00:25,000 - info: DBHandler.prototype.executeQuery data=select innt.*,nm.nutrientName from nutrients_master nm  lEFT JOIN ingredient_nutrition_trans  innt ON  nm.nutrientId = innt.nutrientId where status = 1
2016-05-25 13:01:24,942 - info: DBHandler.prototype.editIngredient
2016-05-25 13:01:24,947 - info: DBHandler.prototype.executeQueryTransaction data=update ingredient_master set ingredientName = 'Any Oil (Olive, Canola Etc.)' where ingredientId = 79
2016-05-25 13:01:24,947 - info: DBHandler.prototype.updateIngredientNutrients
2016-05-25 13:01:24,968 - info: DBHandler.prototype.executeQueryTransaction data=insert into ingredient_nutrition_trans(ingredientId,nutrientId,nutritionValue) values(79,1,2) ON DUPLICATE KEY update nutritionValue = 2 ;insert into ingredient_nutrition_trans(ingredientId,nutrientId,nutritionValue) values(79,2,0) ON DUPLICATE KEY update nutritionValue = 0 ;insert into ingredient_nutrition_trans(ingredientId,nutrientId,nutritionValue) values(79,3,1) ON DUPLICATE KEY update nutritionValue = 1 ;insert into ingredient_nutrition_trans(ingredientId,nutrientId,nutritionValue) values(79,4,884) ON DUPLICATE KEY update nutritionValue = 884 ;insert into ingredient_nutrition_trans(ingredientId,nutrientId,nutritionValue) values(79,5,100) ON DUPLICATE KEY update nutritionValue = 100 ;insert into ingredient_nutrition_trans(ingredientId,nutrientId,nutritionValue) values(79,6,0) ON DUPLICATE KEY update nutritionValue = 0 ;insert into ingredient_nutrition_trans(ingredientId,nutrientId,nutritionValue) values(79,7,0) ON DUPLICATE KEY update nutritionValue = 0 ;insert into ingredient_nutrition_trans(ingredientId,nutrientId,nutritionValue) values(79,8,0) ON DUPLICATE KEY update nutritionValue = 0 
2016-05-25 13:01:25,443 - info: DBHandler.prototype.getIngredients
2016-05-25 13:01:25,468 - info: DBHandler.prototype.executeQuery data=select * from ingredient_master where status=1
2016-05-25 13:01:25,469 - info: DBHandler.prototype.getIngredientNutrients
2016-05-25 13:01:25,494 - info: DBHandler.prototype.executeQuery data=select innt.*,nm.nutrientName from nutrients_master nm  lEFT JOIN ingredient_nutrition_trans  innt ON  nm.nutrientId = innt.nutrientId where status = 1
2016-05-25 13:02:21,970 - info: DBHandler.prototype.editIngredient
2016-05-25 13:02:21,976 - info: DBHandler.prototype.executeQueryTransaction data=update ingredient_master set ingredientName = 'Apricot Fresh Khumani' where ingredientId = 110
2016-05-25 13:02:21,976 - info: DBHandler.prototype.updateIngredientNutrients
2016-05-25 13:02:21,991 - info: DBHandler.prototype.executeQueryTransaction data=insert into ingredient_nutrition_trans(ingredientId,nutrientId,nutritionValue) values(110,1,1) ON DUPLICATE KEY update nutritionValue = 1 ;insert into ingredient_nutrition_trans(ingredientId,nutrientId,nutritionValue) values(110,2,12) ON DUPLICATE KEY update nutritionValue = 12 ;insert into ingredient_nutrition_trans(ingredientId,nutrientId,nutritionValue) values(110,3,259) ON DUPLICATE KEY update nutritionValue = 259 ;insert into ingredient_nutrition_trans(ingredientId,nutrientId,nutritionValue) values(110,4,48) ON DUPLICATE KEY update nutritionValue = 48 ;insert into ingredient_nutrition_trans(ingredientId,nutrientId,nutritionValue) values(110,5,0) ON DUPLICATE KEY update nutritionValue = 0 ;insert into ingredient_nutrition_trans(ingredientId,nutrientId,nutritionValue) values(110,6,1) ON DUPLICATE KEY update nutritionValue = 1 ;insert into ingredient_nutrition_trans(ingredientId,nutrientId,nutritionValue) values(110,7,1) ON DUPLICATE KEY update nutritionValue = 1 ;insert into ingredient_nutrition_trans(ingredientId,nutrientId,nutritionValue) values(110,8,30) ON DUPLICATE KEY update nutritionValue = 30 
2016-05-25 13:02:22,454 - info: DBHandler.prototype.getIngredients
2016-05-25 13:02:22,466 - info: DBHandler.prototype.executeQuery data=select * from ingredient_master where status=1
2016-05-25 13:02:22,467 - info: DBHandler.prototype.getIngredientNutrients
2016-05-25 13:02:22,481 - info: DBHandler.prototype.executeQuery data=select innt.*,nm.nutrientName from nutrients_master nm  lEFT JOIN ingredient_nutrition_trans  innt ON  nm.nutrientId = innt.nutrientId where status = 1
2016-05-25 13:03:15,264 - info: DBHandler.prototype.editIngredient
2016-05-25 13:03:15,268 - info: DBHandler.prototype.executeQueryTransaction data=update ingredient_master set ingredientName = 'Apple' where ingredientId = 115
2016-05-25 13:03:15,268 - info: DBHandler.prototype.updateIngredientNutrients
2016-05-25 13:03:15,288 - info: DBHandler.prototype.executeQueryTransaction data=insert into ingredient_nutrition_trans(ingredientId,nutrientId,nutritionValue) values(115,1,1) ON DUPLICATE KEY update nutritionValue = 1 ;insert into ingredient_nutrition_trans(ingredientId,nutrientId,nutritionValue) values(115,2,13) ON DUPLICATE KEY update nutritionValue = 13 ;insert into ingredient_nutrition_trans(ingredientId,nutrientId,nutritionValue) values(115,3,107) ON DUPLICATE KEY update nutritionValue = 107 ;insert into ingredient_nutrition_trans(ingredientId,nutrientId,nutritionValue) values(115,4,52) ON DUPLICATE KEY update nutritionValue = 52 ;insert into ingredient_nutrition_trans(ingredientId,nutrientId,nutritionValue) values(115,5,0) ON DUPLICATE KEY update nutritionValue = 0 ;insert into ingredient_nutrition_trans(ingredientId,nutrientId,nutritionValue) values(115,6,0) ON DUPLICATE KEY update nutritionValue = 0 ;insert into ingredient_nutrition_trans(ingredientId,nutrientId,nutritionValue) values(115,7,1) ON DUPLICATE KEY update nutritionValue = 1 ;insert into ingredient_nutrition_trans(ingredientId,nutrientId,nutritionValue) values(115,8,34) ON DUPLICATE KEY update nutritionValue = 34 
2016-05-25 13:03:15,739 - info: DBHandler.prototype.getIngredients
2016-05-25 13:03:15,751 - info: DBHandler.prototype.executeQuery data=select * from ingredient_master where status=1
2016-05-25 13:03:15,752 - info: DBHandler.prototype.getIngredientNutrients
2016-05-25 13:03:15,765 - info: DBHandler.prototype.executeQuery data=select innt.*,nm.nutrientName from nutrients_master nm  lEFT JOIN ingredient_nutrition_trans  innt ON  nm.nutrientId = innt.nutrientId where status = 1
