2017-02-21 11:13:15,751 - info: DBHandler.protoype.establishConnection
2017-02-21 11:13:16,136 - info: DBHandler.prototype.constants
2017-02-21 11:13:16,801 - info: DBHandler.prototype.executeQuery data=select * from constants
2017-02-21 11:28:55,770 - info: DBHandler.prototype.login
2017-02-21 11:28:55,843 - info: DBHandler.prototype.executeQuery data=select userId ,emailId from user_master where emailId = 'jaiswal.anshuman@tftus.com' and password = 'India@123' and roleId = 1
2017-02-21 11:29:33,247 - info: DBHandler.prototype.getNutrientsFact
2017-02-21 11:29:33,250 - info: DBHandler.prototype.executeQuery data=select nutrientId,nutrientName,lowValue,medValue,highValue from nutrients_master nm where nm.status=1
2017-02-21 11:30:30,463 - info: DBHandler.prototype.addNutrientsFact
2017-02-21 11:30:30,540 - info: DBHandler.prototype.executeQuery data=INSERT into nutrients_master (nutrientName,lowValue,medValue,highValue) values ('dsdd',23,2323,323232)
2017-02-21 11:30:47,908 - info: DBHandler.prototype.getNutrientsFact
2017-02-21 11:30:47,914 - info: DBHandler.prototype.executeQuery data=select nutrientId,nutrientName,lowValue,medValue,highValue from nutrients_master nm where nm.status=1
2017-02-21 11:31:58,922 - info: DBHandler.prototype.deleteNutrient
2017-02-21 11:31:58,995 - info: DBHandler.prototype.executeQuery data=update nutrients_master set status = 0 where nutrientId = '11'
2017-02-21 11:32:20,209 - info: DBHandler.prototype.getNutrientsFact
2017-02-21 11:32:20,210 - info: DBHandler.prototype.executeQuery data=select nutrientId,nutrientName,lowValue,medValue,highValue from nutrients_master nm where nm.status=1
2017-02-21 11:33:45,338 - info: DBHandler.prototype.addNutrientsFact
2017-02-21 11:33:45,376 - info: DBHandler.prototype.executeQuery data=INSERT into nutrients_master (nutrientName,lowValue,medValue,highValue) values ('dfgdsg',1,1,1)
2017-02-21 11:33:46,725 - info: DBHandler.prototype.getNutrientsFact
2017-02-21 11:33:46,728 - info: DBHandler.prototype.executeQuery data=select nutrientId,nutrientName,lowValue,medValue,highValue from nutrients_master nm where nm.status=1
2017-02-21 11:33:51,232 - info: DBHandler.prototype.deleteNutrient
2017-02-21 11:33:51,275 - info: DBHandler.prototype.executeQuery data=update nutrients_master set status = 0 where nutrientId = '12'
2017-02-21 11:33:54,066 - info: DBHandler.prototype.getNutrientsFact
2017-02-21 11:33:54,067 - info: DBHandler.prototype.executeQuery data=select nutrientId,nutrientName,lowValue,medValue,highValue from nutrients_master nm where nm.status=1
2017-02-21 11:34:21,490 - info: DBHandler.prototype.addNutrientsFact
2017-02-21 11:34:21,546 - info: DBHandler.prototype.executeQuery data=INSERT into nutrients_master (nutrientName,lowValue,medValue,highValue) values ('sdfdsf',1,1,1)
2017-02-21 11:34:28,478 - info: DBHandler.protoype.establishConnection
2017-02-21 11:34:28,878 - info: DBHandler.prototype.constants
2017-02-21 11:34:29,549 - info: DBHandler.prototype.executeQuery data=select * from constants
2017-02-21 11:35:49,469 - info: DBHandler.prototype.login
2017-02-21 11:35:49,472 - info: DBHandler.prototype.executeQuery data=select userId ,emailId from user_master where emailId = 'jaiswal.anshuman@tftus.com' and password = 'India@123' and roleId = 1
2017-02-21 11:36:10,522 - info: DBHandler.prototype.getNutrientsFact
2017-02-21 11:36:10,528 - info: DBHandler.prototype.executeQuery data=select nutrientId,nutrientName,lowValue,medValue,highValue from nutrients_master nm where nm.status=1
2017-02-21 11:36:17,149 - info: DBHandler.prototype.deleteNutrient
2017-02-21 11:36:17,186 - info: DBHandler.prototype.executeQuery data=update nutrients_master set status = 0 where nutrientId = '13'
2017-02-21 11:36:21,462 - info: DBHandler.prototype.getNutrientsFact
2017-02-21 11:36:21,475 - info: DBHandler.prototype.executeQuery data=select nutrientId,nutrientName,lowValue,medValue,highValue from nutrients_master nm where nm.status=1
2017-02-21 11:36:46,844 - info: DBHandler.prototype.addNutrientsFact
2017-02-21 11:36:46,882 - info: DBHandler.prototype.executeQuery data=INSERT into nutrients_master (nutrientName,lowValue,medValue,highValue) values ('dfgdsddsa',11,11,2131)
2017-02-21 11:36:56,255 - info: DBHandler.prototype.getNutrientsFact
2017-02-21 11:36:56,258 - info: DBHandler.prototype.executeQuery data=select nutrientId,nutrientName,lowValue,medValue,highValue from nutrients_master nm where nm.status=1
2017-02-21 11:37:05,531 - info: DBHandler.prototype.deleteNutrient
2017-02-21 11:37:05,584 - info: DBHandler.prototype.executeQuery data=update nutrients_master set status = 0 where nutrientId = '14'
2017-02-21 11:37:26,389 - info: DBHandler.prototype.getNutrientsFact
2017-02-21 11:37:26,390 - info: DBHandler.prototype.executeQuery data=select nutrientId,nutrientName,lowValue,medValue,highValue from nutrients_master nm where nm.status=1
2017-02-21 11:39:43,786 - info: DBHandler.protoype.establishConnection
2017-02-21 11:39:43,855 - info: DBHandler.prototype.constants
2017-02-21 11:39:43,933 - info: DBHandler.prototype.executeQuery data=select * from constants
2017-02-21 11:40:20,594 - info: DBHandler.prototype.login
2017-02-21 11:40:20,599 - info: DBHandler.prototype.executeQuery data=select userId ,emailId from user_master where emailId = 'jaiswal.anshuman@tftus.com' and password = 'India@123' and roleId = 1
2017-02-21 11:40:25,412 - info: DBHandler.prototype.getIngredients
2017-02-21 11:40:25,426 - info: DBHandler.prototype.executeQuery data=select * from ingredient_master where status=1
2017-02-21 11:40:25,426 - info: DBHandler.prototype.getIngredientNutrients
2017-02-21 11:40:25,468 - info: DBHandler.prototype.executeQuery data=select innt.*,nm.nutrientName from nutrients_master nm  lEFT JOIN ingredient_nutrition_trans  innt ON  nm.nutrientId = innt.nutrientId where nm.status = 1
2017-02-21 11:40:48,285 - info: DBHandler.prototype.doAddIngredientAndNutrients
2017-02-21 11:40:48,287 - info: DBHandler.prototype.executeQueryTransaction data=insert into ingredient_master(ingredientName)  values('dgfdgdg')
2017-02-21 11:40:48,288 - info: DBHandler.prototype.doAddNutrients
2017-02-21 11:40:48,317 - info: DBHandler.prototype.executeQueryTransaction data=insert into raw_food_nutrition_trans(rawFoodId,nutrientId,nutritionValue) values (NULL, 1, '21'), (NULL, 2, '545'), (NULL, 3, '545'), (NULL, 4, '54'), (NULL, 5, '3'), (NULL, 6, '23'), (NULL, 7, '5'), (NULL, 8, '434')
2017-02-21 11:40:48,809 - info: DBHandler.prototype.getIngredients
2017-02-21 11:40:48,830 - info: DBHandler.prototype.executeQuery data=select * from ingredient_master where status=1
2017-02-21 11:40:48,830 - info: DBHandler.prototype.getIngredientNutrients
2017-02-21 11:40:48,836 - info: DBHandler.prototype.executeQuery data=select innt.*,nm.nutrientName from nutrients_master nm  lEFT JOIN ingredient_nutrition_trans  innt ON  nm.nutrientId = innt.nutrientId where nm.status = 1
2017-02-21 11:41:00,028 - info: DBHandler.prototype.deleteIngredient
2017-02-21 11:41:00,068 - info: DBHandler.prototype.executeQuery data=update ingredient_master set status = 0 where ingredientId = '175'
2017-02-21 11:41:02,315 - info: DBHandler.prototype.getIngredients
2017-02-21 11:41:02,325 - info: DBHandler.prototype.executeQuery data=select * from ingredient_master where status=1
2017-02-21 11:41:02,326 - info: DBHandler.prototype.getIngredientNutrients
2017-02-21 11:41:02,336 - info: DBHandler.prototype.executeQuery data=select innt.*,nm.nutrientName from nutrients_master nm  lEFT JOIN ingredient_nutrition_trans  innt ON  nm.nutrientId = innt.nutrientId where nm.status = 1
2017-02-21 12:00:41,162 - info: DBHandler.protoype.establishConnection
2017-02-21 12:00:41,239 - error: uncaughtException: Cannot find module './routes/login' date=Tue Feb 21 2017 12:00:41 GMT+0530 (IST), pid=4144, uid=1000, gid=1000, cwd=/home/tft/Desktop/try_nutri, execPath=/home/tft/.nvm/versions/node/v6.9.2/bin/node, version=v6.9.2, argv=[/home/tft/.nvm/versions/node/v6.9.2/bin/node, /home/tft/Desktop/try_nutri/app.js], rss=46891008, heapTotal=25300992, heapUsed=18407168, loadavg=[0.888671875, 0.591796875, 0.55712890625], uptime=3064, trace=[column=15, file=module.js, function=Function.Module._resolveFilename, line=469, method=Module._resolveFilename, native=false, column=25, file=module.js, function=Function.Module._load, line=417, method=Module._load, native=false, column=17, file=module.js, function=Module.require, line=497, method=require, native=false, column=19, file=internal/module.js, function=require, line=20, method=null, native=false, column=18, file=/home/tft/Desktop/try_nutri/app.js, function=, line=24, method=null, native=false, column=32, file=module.js, function=Module._compile, line=570, method=_compile, native=false, column=10, file=module.js, function=Object.Module._extensions..js, line=579, method=Module._extensions..js, native=false, column=32, file=module.js, function=Module.load, line=487, method=load, native=false, column=12, file=module.js, function=tryModuleLoad, line=446, method=null, native=false, column=3, file=module.js, function=Function.Module._load, line=438, method=Module._load, native=false], stack=[Error: Cannot find module './routes/login',     at Function.Module._resolveFilename (module.js:469:15),     at Function.Module._load (module.js:417:25),     at Module.require (module.js:497:17),     at require (internal/module.js:20:19),     at Object.<anonymous> (/home/tft/Desktop/try_nutri/app.js:24:18),     at Module._compile (module.js:570:32),     at Object.Module._extensions..js (module.js:579:10),     at Module.load (module.js:487:32),     at tryModuleLoad (module.js:446:12),     at Function.Module._load (module.js:438:3)]
2017-02-21 12:00:41,239 - error: uncaughtException: Cannot find module './routes/login' date=Tue Feb 21 2017 12:00:41 GMT+0530 (IST), pid=4144, uid=1000, gid=1000, cwd=/home/tft/Desktop/try_nutri, execPath=/home/tft/.nvm/versions/node/v6.9.2/bin/node, version=v6.9.2, argv=[/home/tft/.nvm/versions/node/v6.9.2/bin/node, /home/tft/Desktop/try_nutri/app.js], rss=46891008, heapTotal=25300992, heapUsed=18407168, loadavg=[0.888671875, 0.591796875, 0.55712890625], uptime=3064, trace=[column=15, file=module.js, function=Function.Module._resolveFilename, line=469, method=Module._resolveFilename, native=false, column=25, file=module.js, function=Function.Module._load, line=417, method=Module._load, native=false, column=17, file=module.js, function=Module.require, line=497, method=require, native=false, column=19, file=internal/module.js, function=require, line=20, method=null, native=false, column=18, file=/home/tft/Desktop/try_nutri/app.js, function=, line=24, method=null, native=false, column=32, file=module.js, function=Module._compile, line=570, method=_compile, native=false, column=10, file=module.js, function=Object.Module._extensions..js, line=579, method=Module._extensions..js, native=false, column=32, file=module.js, function=Module.load, line=487, method=load, native=false, column=12, file=module.js, function=tryModuleLoad, line=446, method=null, native=false, column=3, file=module.js, function=Function.Module._load, line=438, method=Module._load, native=false], stack=[Error: Cannot find module './routes/login',     at Function.Module._resolveFilename (module.js:469:15),     at Function.Module._load (module.js:417:25),     at Module.require (module.js:497:17),     at require (internal/module.js:20:19),     at Object.<anonymous> (/home/tft/Desktop/try_nutri/app.js:24:18),     at Module._compile (module.js:570:32),     at Object.Module._extensions..js (module.js:579:10),     at Module.load (module.js:487:32),     at tryModuleLoad (module.js:446:12),     at Function.Module._load (module.js:438:3)]
2017-02-21 12:01:46,684 - info: DBHandler.protoype.establishConnection
2017-02-21 12:01:46,756 - error: uncaughtException: Cannot find module './routes/home' date=Tue Feb 21 2017 12:01:46 GMT+0530 (IST), pid=4177, uid=1000, gid=1000, cwd=/home/tft/Desktop/try_nutri, execPath=/home/tft/.nvm/versions/node/v6.9.2/bin/node, version=v6.9.2, argv=[/home/tft/.nvm/versions/node/v6.9.2/bin/node, /home/tft/Desktop/try_nutri/app.js], rss=46768128, heapTotal=25300992, heapUsed=18403512, loadavg=[0.6943359375, 0.59521484375, 0.55908203125], uptime=3129, trace=[column=15, file=module.js, function=Function.Module._resolveFilename, line=469, method=Module._resolveFilename, native=false, column=25, file=module.js, function=Function.Module._load, line=417, method=Module._load, native=false, column=17, file=module.js, function=Module.require, line=497, method=require, native=false, column=19, file=internal/module.js, function=require, line=20, method=null, native=false, column=17, file=/home/tft/Desktop/try_nutri/app.js, function=, line=25, method=null, native=false, column=32, file=module.js, function=Module._compile, line=570, method=_compile, native=false, column=10, file=module.js, function=Object.Module._extensions..js, line=579, method=Module._extensions..js, native=false, column=32, file=module.js, function=Module.load, line=487, method=load, native=false, column=12, file=module.js, function=tryModuleLoad, line=446, method=null, native=false, column=3, file=module.js, function=Function.Module._load, line=438, method=Module._load, native=false], stack=[Error: Cannot find module './routes/home',     at Function.Module._resolveFilename (module.js:469:15),     at Function.Module._load (module.js:417:25),     at Module.require (module.js:497:17),     at require (internal/module.js:20:19),     at Object.<anonymous> (/home/tft/Desktop/try_nutri/app.js:25:17),     at Module._compile (module.js:570:32),     at Object.Module._extensions..js (module.js:579:10),     at Module.load (module.js:487:32),     at tryModuleLoad (module.js:446:12),     at Function.Module._load (module.js:438:3)]
2017-02-21 12:01:46,757 - error: uncaughtException: Cannot find module './routes/home' date=Tue Feb 21 2017 12:01:46 GMT+0530 (IST), pid=4177, uid=1000, gid=1000, cwd=/home/tft/Desktop/try_nutri, execPath=/home/tft/.nvm/versions/node/v6.9.2/bin/node, version=v6.9.2, argv=[/home/tft/.nvm/versions/node/v6.9.2/bin/node, /home/tft/Desktop/try_nutri/app.js], rss=46768128, heapTotal=25300992, heapUsed=18403512, loadavg=[0.6943359375, 0.59521484375, 0.55908203125], uptime=3129, trace=[column=15, file=module.js, function=Function.Module._resolveFilename, line=469, method=Module._resolveFilename, native=false, column=25, file=module.js, function=Function.Module._load, line=417, method=Module._load, native=false, column=17, file=module.js, function=Module.require, line=497, method=require, native=false, column=19, file=internal/module.js, function=require, line=20, method=null, native=false, column=17, file=/home/tft/Desktop/try_nutri/app.js, function=, line=25, method=null, native=false, column=32, file=module.js, function=Module._compile, line=570, method=_compile, native=false, column=10, file=module.js, function=Object.Module._extensions..js, line=579, method=Module._extensions..js, native=false, column=32, file=module.js, function=Module.load, line=487, method=load, native=false, column=12, file=module.js, function=tryModuleLoad, line=446, method=null, native=false, column=3, file=module.js, function=Function.Module._load, line=438, method=Module._load, native=false], stack=[Error: Cannot find module './routes/home',     at Function.Module._resolveFilename (module.js:469:15),     at Function.Module._load (module.js:417:25),     at Module.require (module.js:497:17),     at require (internal/module.js:20:19),     at Object.<anonymous> (/home/tft/Desktop/try_nutri/app.js:25:17),     at Module._compile (module.js:570:32),     at Object.Module._extensions..js (module.js:579:10),     at Module.load (module.js:487:32),     at tryModuleLoad (module.js:446:12),     at Function.Module._load (module.js:438:3)]
2017-02-21 12:02:18,425 - info: DBHandler.protoype.establishConnection
2017-02-21 12:02:18,498 - error: uncaughtException: Cannot find module './routes/ingredients' date=Tue Feb 21 2017 12:02:18 GMT+0530 (IST), pid=4206, uid=1000, gid=1000, cwd=/home/tft/Desktop/try_nutri, execPath=/home/tft/.nvm/versions/node/v6.9.2/bin/node, version=v6.9.2, argv=[/home/tft/.nvm/versions/node/v6.9.2/bin/node, /home/tft/Desktop/try_nutri/app.js], rss=45301760, heapTotal=25300992, heapUsed=18368128, loadavg=[0.6669921875, 0.60107421875, 0.56103515625], uptime=3161, trace=[column=15, file=module.js, function=Function.Module._resolveFilename, line=469, method=Module._resolveFilename, native=false, column=25, file=module.js, function=Function.Module._load, line=417, method=Module._load, native=false, column=17, file=module.js, function=Module.require, line=497, method=require, native=false, column=19, file=internal/module.js, function=require, line=20, method=null, native=false, column=24, file=/home/tft/Desktop/try_nutri/app.js, function=, line=26, method=null, native=false, column=32, file=module.js, function=Module._compile, line=570, method=_compile, native=false, column=10, file=module.js, function=Object.Module._extensions..js, line=579, method=Module._extensions..js, native=false, column=32, file=module.js, function=Module.load, line=487, method=load, native=false, column=12, file=module.js, function=tryModuleLoad, line=446, method=null, native=false, column=3, file=module.js, function=Function.Module._load, line=438, method=Module._load, native=false], stack=[Error: Cannot find module './routes/ingredients',     at Function.Module._resolveFilename (module.js:469:15),     at Function.Module._load (module.js:417:25),     at Module.require (module.js:497:17),     at require (internal/module.js:20:19),     at Object.<anonymous> (/home/tft/Desktop/try_nutri/app.js:26:24),     at Module._compile (module.js:570:32),     at Object.Module._extensions..js (module.js:579:10),     at Module.load (module.js:487:32),     at tryModuleLoad (module.js:446:12),     at Function.Module._load (module.js:438:3)]
2017-02-21 12:02:18,499 - error: uncaughtException: Cannot find module './routes/ingredients' date=Tue Feb 21 2017 12:02:18 GMT+0530 (IST), pid=4206, uid=1000, gid=1000, cwd=/home/tft/Desktop/try_nutri, execPath=/home/tft/.nvm/versions/node/v6.9.2/bin/node, version=v6.9.2, argv=[/home/tft/.nvm/versions/node/v6.9.2/bin/node, /home/tft/Desktop/try_nutri/app.js], rss=45301760, heapTotal=25300992, heapUsed=18368128, loadavg=[0.6669921875, 0.60107421875, 0.56103515625], uptime=3161, trace=[column=15, file=module.js, function=Function.Module._resolveFilename, line=469, method=Module._resolveFilename, native=false, column=25, file=module.js, function=Function.Module._load, line=417, method=Module._load, native=false, column=17, file=module.js, function=Module.require, line=497, method=require, native=false, column=19, file=internal/module.js, function=require, line=20, method=null, native=false, column=24, file=/home/tft/Desktop/try_nutri/app.js, function=, line=26, method=null, native=false, column=32, file=module.js, function=Module._compile, line=570, method=_compile, native=false, column=10, file=module.js, function=Object.Module._extensions..js, line=579, method=Module._extensions..js, native=false, column=32, file=module.js, function=Module.load, line=487, method=load, native=false, column=12, file=module.js, function=tryModuleLoad, line=446, method=null, native=false, column=3, file=module.js, function=Function.Module._load, line=438, method=Module._load, native=false], stack=[Error: Cannot find module './routes/ingredients',     at Function.Module._resolveFilename (module.js:469:15),     at Function.Module._load (module.js:417:25),     at Module.require (module.js:497:17),     at require (internal/module.js:20:19),     at Object.<anonymous> (/home/tft/Desktop/try_nutri/app.js:26:24),     at Module._compile (module.js:570:32),     at Object.Module._extensions..js (module.js:579:10),     at Module.load (module.js:487:32),     at tryModuleLoad (module.js:446:12),     at Function.Module._load (module.js:438:3)]
2017-02-21 12:21:28,355 - info: DBHandler.protoype.establishConnection
2017-02-21 12:26:04,583 - info: DBHandler.protoype.establishConnection
2017-02-21 12:27:58,934 - info: DBHandler.protoype.establishConnection
2017-02-21 12:33:10,174 - info: DBHandler.protoype.establishConnection
2017-02-21 12:36:53,938 - info: DBHandler.protoype.establishConnection
2017-02-21 12:45:57,527 - info: DBHandler.protoype.establishConnection
2017-02-21 12:50:58,413 - info: DBHandler.protoype.establishConnection
2017-02-21 13:13:06,480 - info: DBHandler.protoype.establishConnection
2017-02-21 13:38:22,324 - info: DBHandler.protoype.establishConnection
2017-02-21 13:48:10,256 - info: DBHandler.protoype.establishConnection
2017-02-21 13:55:01,848 - info: DBHandler.protoype.establishConnection
2017-02-21 14:22:41,576 - info: DBHandler.protoype.establishConnection
2017-02-21 14:22:41,648 - error: uncaughtException: Cannot find module './constants/constants' date=Tue Feb 21 2017 14:22:41 GMT+0530 (IST), pid=6546, uid=1000, gid=1000, cwd=/home/tft/Desktop/try_nutri, execPath=/home/tft/.nvm/versions/node/v6.9.2/bin/node, version=v6.9.2, argv=[/home/tft/.nvm/versions/node/v6.9.2/bin/node, /home/tft/Desktop/try_nutri/app.js], rss=45023232, heapTotal=25300992, heapUsed=18249984, loadavg=[0.24609375, 0.28662109375, 0.4033203125], uptime=11584, trace=[column=15, file=module.js, function=Function.Module._resolveFilename, line=469, method=Module._resolveFilename, native=false, column=25, file=module.js, function=Function.Module._load, line=417, method=Module._load, native=false, column=17, file=module.js, function=Module.require, line=497, method=require, native=false, column=19, file=internal/module.js, function=require, line=20, method=null, native=false, column=17, file=/home/tft/Desktop/try_nutri/app.js, function=, line=15, method=null, native=false, column=32, file=module.js, function=Module._compile, line=570, method=_compile, native=false, column=10, file=module.js, function=Object.Module._extensions..js, line=579, method=Module._extensions..js, native=false, column=32, file=module.js, function=Module.load, line=487, method=load, native=false, column=12, file=module.js, function=tryModuleLoad, line=446, method=null, native=false, column=3, file=module.js, function=Function.Module._load, line=438, method=Module._load, native=false], stack=[Error: Cannot find module './constants/constants',     at Function.Module._resolveFilename (module.js:469:15),     at Function.Module._load (module.js:417:25),     at Module.require (module.js:497:17),     at require (internal/module.js:20:19),     at Object.<anonymous> (/home/tft/Desktop/try_nutri/app.js:15:17),     at Module._compile (module.js:570:32),     at Object.Module._extensions..js (module.js:579:10),     at Module.load (module.js:487:32),     at tryModuleLoad (module.js:446:12),     at Function.Module._load (module.js:438:3)]
2017-02-21 14:22:41,648 - error: uncaughtException: Cannot find module './constants/constants' date=Tue Feb 21 2017 14:22:41 GMT+0530 (IST), pid=6546, uid=1000, gid=1000, cwd=/home/tft/Desktop/try_nutri, execPath=/home/tft/.nvm/versions/node/v6.9.2/bin/node, version=v6.9.2, argv=[/home/tft/.nvm/versions/node/v6.9.2/bin/node, /home/tft/Desktop/try_nutri/app.js], rss=45023232, heapTotal=25300992, heapUsed=18249984, loadavg=[0.24609375, 0.28662109375, 0.4033203125], uptime=11584, trace=[column=15, file=module.js, function=Function.Module._resolveFilename, line=469, method=Module._resolveFilename, native=false, column=25, file=module.js, function=Function.Module._load, line=417, method=Module._load, native=false, column=17, file=module.js, function=Module.require, line=497, method=require, native=false, column=19, file=internal/module.js, function=require, line=20, method=null, native=false, column=17, file=/home/tft/Desktop/try_nutri/app.js, function=, line=15, method=null, native=false, column=32, file=module.js, function=Module._compile, line=570, method=_compile, native=false, column=10, file=module.js, function=Object.Module._extensions..js, line=579, method=Module._extensions..js, native=false, column=32, file=module.js, function=Module.load, line=487, method=load, native=false, column=12, file=module.js, function=tryModuleLoad, line=446, method=null, native=false, column=3, file=module.js, function=Function.Module._load, line=438, method=Module._load, native=false], stack=[Error: Cannot find module './constants/constants',     at Function.Module._resolveFilename (module.js:469:15),     at Function.Module._load (module.js:417:25),     at Module.require (module.js:497:17),     at require (internal/module.js:20:19),     at Object.<anonymous> (/home/tft/Desktop/try_nutri/app.js:15:17),     at Module._compile (module.js:570:32),     at Object.Module._extensions..js (module.js:579:10),     at Module.load (module.js:487:32),     at tryModuleLoad (module.js:446:12),     at Function.Module._load (module.js:438:3)]
2017-02-21 14:24:33,186 - info: DBHandler.protoype.establishConnection
2017-02-21 14:24:33,291 - error: uncaughtException: ENOENT: no such file or directory, stat '/home/tft/Desktop/try_nutri/public/favicon.png' date=Tue Feb 21 2017 14:24:33 GMT+0530 (IST), pid=6612, uid=1000, gid=1000, cwd=/home/tft/Desktop/try_nutri, execPath=/home/tft/.nvm/versions/node/v6.9.2/bin/node, version=v6.9.2, argv=[/home/tft/.nvm/versions/node/v6.9.2/bin/node, /home/tft/Desktop/try_nutri/app.js], rss=47628288, heapTotal=26349568, heapUsed=17123976, loadavg=[0.24365234375, 0.26806640625, 0.37890625], uptime=11696, trace=[column=null, file=null, function=Error, line=null, method=null, native=true, column=18, file=fs.js, function=Object.fs.statSync, line=987, method=fs.statSync, native=false, column=15, file=/home/tft/Desktop/try_nutri/node_modules/serve-favicon/index.js, function=favicon, line=64, method=null, native=false, column=9, file=/home/tft/Desktop/try_nutri/app.js, function=, line=76, method=null, native=false, column=32, file=module.js, function=Module._compile, line=570, method=_compile, native=false, column=10, file=module.js, function=Object.Module._extensions..js, line=579, method=Module._extensions..js, native=false, column=32, file=module.js, function=Module.load, line=487, method=load, native=false, column=12, file=module.js, function=tryModuleLoad, line=446, method=null, native=false, column=3, file=module.js, function=Function.Module._load, line=438, method=Module._load, native=false, column=10, file=module.js, function=Module.runMain, line=604, method=runMain, native=false], stack=[Error: ENOENT: no such file or directory, stat '/home/tft/Desktop/try_nutri/public/favicon.png',     at Error (native),     at Object.fs.statSync (fs.js:987:18),     at favicon (/home/tft/Desktop/try_nutri/node_modules/serve-favicon/index.js:64:15),     at Object.<anonymous> (/home/tft/Desktop/try_nutri/app.js:76:9),     at Module._compile (module.js:570:32),     at Object.Module._extensions..js (module.js:579:10),     at Module.load (module.js:487:32),     at tryModuleLoad (module.js:446:12),     at Function.Module._load (module.js:438:3),     at Module.runMain (module.js:604:10)]
2017-02-21 14:24:33,292 - error: uncaughtException: ENOENT: no such file or directory, stat '/home/tft/Desktop/try_nutri/public/favicon.png' date=Tue Feb 21 2017 14:24:33 GMT+0530 (IST), pid=6612, uid=1000, gid=1000, cwd=/home/tft/Desktop/try_nutri, execPath=/home/tft/.nvm/versions/node/v6.9.2/bin/node, version=v6.9.2, argv=[/home/tft/.nvm/versions/node/v6.9.2/bin/node, /home/tft/Desktop/try_nutri/app.js], rss=47628288, heapTotal=26349568, heapUsed=17123976, loadavg=[0.24365234375, 0.26806640625, 0.37890625], uptime=11696, trace=[column=null, file=null, function=Error, line=null, method=null, native=true, column=18, file=fs.js, function=Object.fs.statSync, line=987, method=fs.statSync, native=false, column=15, file=/home/tft/Desktop/try_nutri/node_modules/serve-favicon/index.js, function=favicon, line=64, method=null, native=false, column=9, file=/home/tft/Desktop/try_nutri/app.js, function=, line=76, method=null, native=false, column=32, file=module.js, function=Module._compile, line=570, method=_compile, native=false, column=10, file=module.js, function=Object.Module._extensions..js, line=579, method=Module._extensions..js, native=false, column=32, file=module.js, function=Module.load, line=487, method=load, native=false, column=12, file=module.js, function=tryModuleLoad, line=446, method=null, native=false, column=3, file=module.js, function=Function.Module._load, line=438, method=Module._load, native=false, column=10, file=module.js, function=Module.runMain, line=604, method=runMain, native=false], stack=[Error: ENOENT: no such file or directory, stat '/home/tft/Desktop/try_nutri/public/favicon.png',     at Error (native),     at Object.fs.statSync (fs.js:987:18),     at favicon (/home/tft/Desktop/try_nutri/node_modules/serve-favicon/index.js:64:15),     at Object.<anonymous> (/home/tft/Desktop/try_nutri/app.js:76:9),     at Module._compile (module.js:570:32),     at Object.Module._extensions..js (module.js:579:10),     at Module.load (module.js:487:32),     at tryModuleLoad (module.js:446:12),     at Function.Module._load (module.js:438:3),     at Module.runMain (module.js:604:10)]
2017-02-21 14:24:33,246 - info: DBHandler.prototype.constants
2017-02-21 14:24:33,313 - info: DBHandler.prototype.executeQuery data=select * from user_master
2017-02-21 14:24:54,990 - info: DBHandler.protoype.establishConnection
2017-02-21 14:24:55,055 - info: DBHandler.prototype.constants
2017-02-21 14:24:55,123 - info: DBHandler.prototype.executeQuery data=select * from user_master
2017-02-21 14:27:32,082 - error: uncaughtException: this.acquire is not a function date=Tue Feb 21 2017 14:27:32 GMT+0530 (IST), pid=6725, uid=1000, gid=1000, cwd=/home/tft/Desktop/try_nutri, execPath=/home/tft/.nvm/versions/node/v6.9.2/bin/node, version=v6.9.2, argv=[/home/tft/.nvm/versions/node/v6.9.2/bin/node, /home/tft/Desktop/try_nutri/app.js], rss=45322240, heapTotal=24252416, heapUsed=14116344, loadavg=[0.7529296875, 0.4384765625, 0.4208984375], uptime=11874, trace=[column=10, file=/home/tft/Desktop/try_nutri/db/database.js, function=new DBHandler, line=35, method=null, native=false, column=20, file=/home/tft/Desktop/try_nutri/db/dbGlobal.js, function=, line=3, method=null, native=false, column=32, file=module.js, function=Module._compile, line=570, method=_compile, native=false, column=10, file=module.js, function=Object.Module._extensions..js, line=579, method=Module._extensions..js, native=false, column=32, file=module.js, function=Module.load, line=487, method=load, native=false, column=12, file=module.js, function=tryModuleLoad, line=446, method=null, native=false, column=3, file=module.js, function=Function.Module._load, line=438, method=Module._load, native=false, column=17, file=module.js, function=Module.require, line=497, method=require, native=false, column=19, file=internal/module.js, function=require, line=20, method=null, native=false, column=17, file=/home/tft/Desktop/try_nutri/app.js, function=, line=14, method=null, native=false], stack=[TypeError: this.acquire is not a function,     at new DBHandler (/home/tft/Desktop/try_nutri/db/database.js:35:10),     at Object.<anonymous> (/home/tft/Desktop/try_nutri/db/dbGlobal.js:3:20),     at Module._compile (module.js:570:32),     at Object.Module._extensions..js (module.js:579:10),     at Module.load (module.js:487:32),     at tryModuleLoad (module.js:446:12),     at Function.Module._load (module.js:438:3),     at Module.require (module.js:497:17),     at require (internal/module.js:20:19),     at Object.<anonymous> (/home/tft/Desktop/try_nutri/app.js:14:17)]
2017-02-21 14:27:32,083 - error: uncaughtException: this.acquire is not a function date=Tue Feb 21 2017 14:27:32 GMT+0530 (IST), pid=6725, uid=1000, gid=1000, cwd=/home/tft/Desktop/try_nutri, execPath=/home/tft/.nvm/versions/node/v6.9.2/bin/node, version=v6.9.2, argv=[/home/tft/.nvm/versions/node/v6.9.2/bin/node, /home/tft/Desktop/try_nutri/app.js], rss=45322240, heapTotal=24252416, heapUsed=14116344, loadavg=[0.7529296875, 0.4384765625, 0.4208984375], uptime=11874, trace=[column=10, file=/home/tft/Desktop/try_nutri/db/database.js, function=new DBHandler, line=35, method=null, native=false, column=20, file=/home/tft/Desktop/try_nutri/db/dbGlobal.js, function=, line=3, method=null, native=false, column=32, file=module.js, function=Module._compile, line=570, method=_compile, native=false, column=10, file=module.js, function=Object.Module._extensions..js, line=579, method=Module._extensions..js, native=false, column=32, file=module.js, function=Module.load, line=487, method=load, native=false, column=12, file=module.js, function=tryModuleLoad, line=446, method=null, native=false, column=3, file=module.js, function=Function.Module._load, line=438, method=Module._load, native=false, column=17, file=module.js, function=Module.require, line=497, method=require, native=false, column=19, file=internal/module.js, function=require, line=20, method=null, native=false, column=17, file=/home/tft/Desktop/try_nutri/app.js, function=, line=14, method=null, native=false], stack=[TypeError: this.acquire is not a function,     at new DBHandler (/home/tft/Desktop/try_nutri/db/database.js:35:10),     at Object.<anonymous> (/home/tft/Desktop/try_nutri/db/dbGlobal.js:3:20),     at Module._compile (module.js:570:32),     at Object.Module._extensions..js (module.js:579:10),     at Module.load (module.js:487:32),     at tryModuleLoad (module.js:446:12),     at Function.Module._load (module.js:438:3),     at Module.require (module.js:497:17),     at require (internal/module.js:20:19),     at Object.<anonymous> (/home/tft/Desktop/try_nutri/app.js:14:17)]
2017-02-21 17:52:45,677 - info: DBHandler.protoype.establishConnection
2017-02-21 17:52:46,104 - info: DBHandler.prototype.constants
2017-02-21 17:52:47,786 - info: DBHandler.prototype.executeQuery data=select * from user_master
2017-02-21 17:53:31,587 - info: DBHandler.protoype.establishConnection
2017-02-21 17:53:31,905 - info: DBHandler.prototype.constants
2017-02-21 17:53:32,451 - info: DBHandler.prototype.executeQuery data=select * from user_master;
2017-02-21 17:56:34,215 - info: DBHandler.protoype.establishConnection
2017-02-21 17:56:34,316 - info: DBHandler.prototype.constants
2017-02-21 17:56:34,545 - info: DBHandler.prototype.executeQuery data=select * from user_master;
2017-02-21 17:58:20,921 - info: DBHandler.protoype.establishConnection
2017-02-21 17:58:21,138 - info: DBHandler.prototype.constants
2017-02-21 17:58:21,494 - info: DBHandler.prototype.executeQuery data=select * from constants;
2017-02-21 17:59:33,108 - info: DBHandler.protoype.establishConnection
2017-02-21 17:59:33,231 - info: DBHandler.prototype.constants
2017-02-21 17:59:33,472 - info: DBHandler.prototype.executeQuery data=select * from constants;
2017-02-21 18:00:04,203 - info: DBHandler.protoype.establishConnection
2017-02-21 18:00:04,296 - info: DBHandler.prototype.constants
2017-02-21 18:00:04,522 - info: DBHandler.prototype.executeQuery data=select * from constants;
2017-02-21 18:05:22,766 - info: DBHandler.protoype.establishConnection
2017-02-21 18:05:22,910 - info: DBHandler.prototype.constants
2017-02-21 18:05:23,238 - info: DBHandler.prototype.executeQuery data=select * from constants;
2017-02-21 18:09:46,373 - info: DBHandler.protoype.establishConnection
2017-02-21 18:09:46,481 - info: DBHandler.prototype.constants
2017-02-21 18:09:46,783 - info: DBHandler.prototype.executeQuery data=select * from constants;
2017-02-21 18:10:19,842 - info: DBHandler.protoype.establishConnection
2017-02-21 18:10:19,949 - info: DBHandler.prototype.constants
2017-02-21 18:10:20,192 - info: DBHandler.prototype.executeQuery data=select * from constants;
2017-02-21 18:10:37,246 - info: DBHandler.protoype.establishConnection
2017-02-21 18:10:37,340 - info: DBHandler.prototype.constants
2017-02-21 18:10:40,691 - info: DBHandler.prototype.executeQuery data=select * from constants;
2017-02-21 18:11:58,235 - info: DBHandler.protoype.establishConnection
2017-02-21 18:11:58,335 - info: DBHandler.prototype.constants
2017-02-21 18:12:07,647 - info: DBHandler.prototype.executeQuery data=select * from constants;
2017-02-21 20:01:02,898 - info: DBHandler.protoype.establishConnection
2017-02-21 20:01:02,964 - info: DBHandler.prototype.constants
2017-02-21 20:01:05,572 - info: DBHandler.prototype.executeQuery data=select * from constants;
2017-02-21 20:07:18,173 - info: DBHandler.protoype.establishConnection
2017-02-21 20:07:28,556 - error: uncaughtException: Cannot read property 'query' of undefined date=Tue Feb 21 2017 20:07:28 GMT+0530 (IST), pid=16843, uid=1000, gid=1000, cwd=/home/tft/Desktop/try_nutri, execPath=/home/tft/.nvm/versions/node/v6.9.2/bin/node, version=v6.9.2, argv=[/home/tft/.nvm/versions/node/v6.9.2/bin/node, /home/tft/Desktop/try_nutri/app.js], rss=58060800, heapTotal=36786176, heapUsed=15439576, loadavg=[0.8974609375, 1.30126953125, 1.6591796875], uptime=32271, trace=[column=15, file=/home/tft/Desktop/try_nutri/db/database.js, function=DBHandler.executeQuery, line=377, method=executeQuery, native=false, column=14, file=/home/tft/Desktop/try_nutri/db/database.js, function=null, line=38, method=null, native=false, column=9, file=/home/tft/Desktop/try_nutri/node_modules/mysql/lib/Pool.js, function=Handshake.onConnect, line=58, method=onConnect, native=false, column=24, file=/home/tft/Desktop/try_nutri/node_modules/mysql/lib/protocol/sequences/Sequence.js, function=Handshake.Sequence.end, line=86, method=Sequence.end, native=false, column=14, file=/home/tft/Desktop/try_nutri/node_modules/mysql/lib/protocol/Protocol.js, function=Protocol.handleNetworkError, line=364, method=handleNetworkError, native=false, column=18, file=/home/tft/Desktop/try_nutri/node_modules/mysql/lib/Connection.js, function=PoolConnection.Connection._handleNetworkError, line=428, method=Connection._handleNetworkError, native=false, column=8, file=/home/tft/Desktop/try_nutri/node_modules/mysql/lib/Connection.js, function=PoolConnection.Connection._handleConnectTimeout, line=424, method=Connection._handleConnectTimeout, native=false, column=16, file=events.js, function=Socket.g, line=291, method=g, native=false, column=13, file=events.js, function=emitNone, line=86, method=null, native=false, column=7, file=events.js, function=Socket.emit, line=185, method=emit, native=false], stack=[TypeError: Cannot read property 'query' of undefined,     at DBHandler.executeQuery (/home/tft/Desktop/try_nutri/db/database.js:377:15),     at /home/tft/Desktop/try_nutri/db/database.js:38:14,     at Handshake.onConnect (/home/tft/Desktop/try_nutri/node_modules/mysql/lib/Pool.js:58:9),     at Handshake.Sequence.end (/home/tft/Desktop/try_nutri/node_modules/mysql/lib/protocol/sequences/Sequence.js:86:24),     at Protocol.handleNetworkError (/home/tft/Desktop/try_nutri/node_modules/mysql/lib/protocol/Protocol.js:364:14),     at PoolConnection.Connection._handleNetworkError (/home/tft/Desktop/try_nutri/node_modules/mysql/lib/Connection.js:428:18),     at PoolConnection.Connection._handleConnectTimeout (/home/tft/Desktop/try_nutri/node_modules/mysql/lib/Connection.js:424:8),     at Socket.g (events.js:291:16),     at emitNone (events.js:86:13),     at Socket.emit (events.js:185:7)]
2017-02-21 20:07:28,557 - error: uncaughtException: Cannot read property 'query' of undefined date=Tue Feb 21 2017 20:07:28 GMT+0530 (IST), pid=16843, uid=1000, gid=1000, cwd=/home/tft/Desktop/try_nutri, execPath=/home/tft/.nvm/versions/node/v6.9.2/bin/node, version=v6.9.2, argv=[/home/tft/.nvm/versions/node/v6.9.2/bin/node, /home/tft/Desktop/try_nutri/app.js], rss=58060800, heapTotal=36786176, heapUsed=15439576, loadavg=[0.8974609375, 1.30126953125, 1.6591796875], uptime=32271, trace=[column=15, file=/home/tft/Desktop/try_nutri/db/database.js, function=DBHandler.executeQuery, line=377, method=executeQuery, native=false, column=14, file=/home/tft/Desktop/try_nutri/db/database.js, function=null, line=38, method=null, native=false, column=9, file=/home/tft/Desktop/try_nutri/node_modules/mysql/lib/Pool.js, function=Handshake.onConnect, line=58, method=onConnect, native=false, column=24, file=/home/tft/Desktop/try_nutri/node_modules/mysql/lib/protocol/sequences/Sequence.js, function=Handshake.Sequence.end, line=86, method=Sequence.end, native=false, column=14, file=/home/tft/Desktop/try_nutri/node_modules/mysql/lib/protocol/Protocol.js, function=Protocol.handleNetworkError, line=364, method=handleNetworkError, native=false, column=18, file=/home/tft/Desktop/try_nutri/node_modules/mysql/lib/Connection.js, function=PoolConnection.Connection._handleNetworkError, line=428, method=Connection._handleNetworkError, native=false, column=8, file=/home/tft/Desktop/try_nutri/node_modules/mysql/lib/Connection.js, function=PoolConnection.Connection._handleConnectTimeout, line=424, method=Connection._handleConnectTimeout, native=false, column=16, file=events.js, function=Socket.g, line=291, method=g, native=false, column=13, file=events.js, function=emitNone, line=86, method=null, native=false, column=7, file=events.js, function=Socket.emit, line=185, method=emit, native=false], stack=[TypeError: Cannot read property 'query' of undefined,     at DBHandler.executeQuery (/home/tft/Desktop/try_nutri/db/database.js:377:15),     at /home/tft/Desktop/try_nutri/db/database.js:38:14,     at Handshake.onConnect (/home/tft/Desktop/try_nutri/node_modules/mysql/lib/Pool.js:58:9),     at Handshake.Sequence.end (/home/tft/Desktop/try_nutri/node_modules/mysql/lib/protocol/sequences/Sequence.js:86:24),     at Protocol.handleNetworkError (/home/tft/Desktop/try_nutri/node_modules/mysql/lib/protocol/Protocol.js:364:14),     at PoolConnection.Connection._handleNetworkError (/home/tft/Desktop/try_nutri/node_modules/mysql/lib/Connection.js:428:18),     at PoolConnection.Connection._handleConnectTimeout (/home/tft/Desktop/try_nutri/node_modules/mysql/lib/Connection.js:424:8),     at Socket.g (events.js:291:16),     at emitNone (events.js:86:13),     at Socket.emit (events.js:185:7)]
2017-02-21 20:07:18,265 - info: DBHandler.prototype.constants
2017-02-21 20:11:35,531 - info: DBHandler.protoype.establishConnection
2017-02-21 20:11:35,662 - info: DBHandler.prototype.constants
2017-02-21 20:11:45,019 - info: DBHandler.prototype.executeQuery data=select * from constants;
2017-02-21 20:13:57,027 - info: DBHandler.protoype.establishConnection
2017-02-21 20:13:57,092 - info: DBHandler.prototype.constants
2017-02-21 20:13:57,231 - info: DBHandler.prototype.executeQuery data=select * from constants;
2017-02-21 20:57:18,709 - info: DBHandler.protoype.establishConnection
2017-02-21 20:57:19,351 - info: DBHandler.prototype.constants
2017-02-21 20:57:20,315 - info: DBHandler.prototype.executeQuery data=select * from constants;
2017-02-21 21:04:47,548 - info: DBHandler.protoype.establishConnection
2017-02-21 21:04:47,638 - info: DBHandler.prototype.constants
2017-02-21 21:04:47,942 - info: DBHandler.prototype.executeQuery data=select * from constants;
2017-02-21 21:07:47,391 - info: DBHandler.protoype.establishConnection
2017-02-21 21:07:47,493 - info: DBHandler.prototype.constants
2017-02-21 21:07:47,897 - info: DBHandler.prototype.executeQuery data=select * from constants;
2017-02-21 21:08:06,933 - info: DBHandler.prototype.login
2017-02-21 21:08:06,971 - info: DBHandler.prototype.executeQuery data=select userId ,emailId from user_master where emailId = 'keshav@gmail.com' and password = 'admin123' and roleId = 1
